Log file open, 06/17/22 13:04:28
LogWindows: Failed to load 'aqProf.dll' (GetLastError=126)
LogWindows: File 'aqProf.dll' does not exist
LogWindows: Failed to load 'VtuneApi.dll' (GetLastError=126)
LogWindows: File 'VtuneApi.dll' does not exist
LogWindows: Failed to load 'VtuneApi32e.dll' (GetLastError=126)
LogWindows: File 'VtuneApi32e.dll' does not exist
LogConsoleResponse: Display: Failed to find resolution value strings in scalability ini. Falling back to default.
LogConsoleResponse: Display: Failed to find resolution value strings in scalability ini. Falling back to default.
LogInit: Display: Running engine for game: TeddyB_Project
LogPlatformFile: Not using cached read wrapper
LogTaskGraph: Started task graph with 5 named threads and 47 total threads with 3 sets of task threads.
LogStats: Stats thread started at 0.216388
LogICUInternationalization: ICU TimeZone Detection - Raw Offset: +9:00, Platform Override: ''
LogInit: Display: Loading text-based GConfig....
LogPluginManager: Mounting plugin MeshPainting
LogPluginManager: Mounting plugin XGEController
LogPluginManager: Mounting plugin MegascansPlugin
LogPluginManager: Mounting plugin Paper2D
LogPluginManager: Mounting plugin AISupport
LogPluginManager: Mounting plugin EnvironmentQueryEditor
LogPluginManager: Mounting plugin LiveLink
LogPluginManager: Mounting plugin LightPropagationVolume
LogPluginManager: Mounting plugin OodleData
LogPluginManager: Mounting plugin CameraShakePreviewer
LogPluginManager: Mounting plugin GameplayCameras
LogPluginManager: Mounting plugin AnimationSharing
LogPluginManager: Mounting plugin OodleNetwork
LogPluginManager: Mounting plugin GitSourceControl
LogPluginManager: Mounting plugin CodeLiteSourceCodeAccess
LogPluginManager: Mounting plugin CLionSourceCodeAccess
LogPluginManager: Mounting plugin KDevelopSourceCodeAccess
LogPluginManager: Mounting plugin NullSourceCodeAccess
LogPluginManager: Mounting plugin PixWinPlugin
LogPluginManager: Mounting plugin PerforceSourceControl
LogPluginManager: Mounting plugin PluginUtils
LogPluginManager: Mounting plugin PlasticSourceControl
LogPluginManager: Mounting plugin PropertyAccessNode
LogPluginManager: Mounting plugin SubversionSourceControl
LogPluginManager: Mounting plugin TextureFormatOodle
LogPluginManager: Mounting plugin RiderSourceCodeAccess
LogPluginManager: Mounting plugin UObjectPlugin
LogPluginManager: Mounting plugin VisualStudioSourceCodeAccess
LogPluginManager: Mounting plugin VisualStudioCodeSourceCodeAccess
LogPluginManager: Mounting plugin DatasmithContent
LogPluginManager: Mounting plugin XCodeSourceCodeAccess
LogPluginManager: Mounting plugin VariantManagerContent
LogPluginManager: Mounting plugin AlembicImporter
LogPluginManager: Mounting plugin AutomationUtils
LogPluginManager: Mounting plugin BackChannel
LogPluginManager: Mounting plugin ChaosClothEditor
LogPluginManager: Mounting plugin ChaosEditor
LogPluginManager: Mounting plugin ChaosNiagara
LogPluginManager: Mounting plugin ChaosCloth
LogPluginManager: Mounting plugin ChaosSolverPlugin
LogPluginManager: Mounting plugin CharacterAI
LogPluginManager: Mounting plugin GeometryCollectionPlugin
LogPluginManager: Mounting plugin GeometryCache
LogPluginManager: Mounting plugin GeometryProcessing
LogPluginManager: Mounting plugin MotoSynth
LogPluginManager: Mounting plugin OpenImageDenoise
LogPluginManager: Mounting plugin PlatformCrypto
LogPluginManager: Mounting plugin ProxyLODPlugin
LogPluginManager: Mounting plugin PlanarCut
LogPluginManager: Mounting plugin SkeletalReduction
LogPluginManager: Mounting plugin PythonScriptPlugin
LogPluginManager: Mounting plugin AssetManagerEditor
LogPluginManager: Mounting plugin CryptoKeys
LogPluginManager: Mounting plugin CurveEditorTools
LogPluginManager: Mounting plugin DataValidation
LogPluginManager: Mounting plugin GameplayTagsEditor
LogPluginManager: Mounting plugin EditorScriptingUtilities
LogPluginManager: Mounting plugin FacialAnimation
LogPluginManager: Mounting plugin MacGraphicsSwitching
LogPluginManager: Mounting plugin GeometryMode
LogPluginManager: Mounting plugin MobileLauncherProfileWizard
LogPluginManager: Mounting plugin MaterialAnalyzer
LogPluginManager: Mounting plugin PluginBrowser
LogPluginManager: Mounting plugin SpeedTreeImporter
LogPluginManager: Mounting plugin MagicLeap
LogPluginManager: Mounting plugin LuminPlatformFeatures
LogPluginManager: Mounting plugin Niagara
LogPluginManager: Mounting plugin MagicLeapMedia
LogPluginManager: Mounting plugin MagicLeapLightEstimation
LogPluginManager: Mounting plugin MagicLeapPassableWorld
LogPluginManager: Mounting plugin MLSDK
LogPluginManager: Mounting plugin AndroidMedia
LogPluginManager: Mounting plugin AvfMedia
LogPluginManager: Mounting plugin ImgMedia
LogPluginManager: Mounting plugin MediaCompositing
LogPluginManager: Mounting plugin MediaPlayerEditor
LogPluginManager: Mounting plugin WebMMedia
LogPluginManager: Mounting plugin WmfMedia
LogPluginManager: Mounting plugin TcpMessaging
LogPluginManager: Mounting plugin UdpMessaging
LogPluginManager: Mounting plugin LevelSequenceEditor
LogPluginManager: Mounting plugin ActorSequence
LogPluginManager: Mounting plugin MatineeToLevelSequence
LogPluginManager: Mounting plugin TemplateSequence
LogPluginManager: Mounting plugin OnlineSubsystem
LogPluginManager: Mounting plugin OnlineSubsystemNull
LogPluginManager: Mounting plugin OnlineSubsystemUtils
LogPluginManager: Mounting plugin ActorLayerUtilities
LogPluginManager: Mounting plugin AndroidDeviceProfileSelector
LogPluginManager: Mounting plugin AndroidMoviePlayer
LogPluginManager: Mounting plugin AppleMoviePlayer
LogPluginManager: Mounting plugin ArchVisCharacter
LogPluginManager: Mounting plugin AndroidPermission
LogPluginManager: Mounting plugin AppleImageUtils
LogPluginManager: Mounting plugin AssetTags
LogPluginManager: Mounting plugin AudioCapture
LogPluginManager: Mounting plugin CableComponent
LogPluginManager: Mounting plugin AudioSynesthesia
LogPluginManager: Mounting plugin ChunkDownloader
LogPluginManager: Mounting plugin CustomMeshComponent
LogPluginManager: Mounting plugin ExampleDeviceProfileSelector
LogPluginManager: Mounting plugin EditableMesh
LogPluginManager: Mounting plugin LauncherChunkInstaller
LogPluginManager: Mounting plugin GoogleCloudMessaging
LogPluginManager: Mounting plugin GooglePAD
LogPluginManager: Mounting plugin ScreenshotTools
LogPluginManager: Mounting plugin Takes
LogPluginManager: Mounting plugin IOSDeviceProfileSelector
LogPluginManager: Mounting plugin LinuxDeviceProfileSelector
LogPluginManager: Mounting plugin LocationServicesBPLibrary
LogPluginManager: Mounting plugin MobilePatchingUtils
LogPluginManager: Mounting plugin OpenXR
LogPluginManager: Mounting plugin OpenXREyeTracker
LogPluginManager: Mounting plugin OpenXRHandTracking
LogPluginManager: Mounting plugin PostSplashScreen
LogPluginManager: Mounting plugin PhysXVehicles
LogPluginManager: Mounting plugin ProceduralMeshComponent
LogPluginManager: Mounting plugin PropertyAccessEditor
LogPluginManager: Mounting plugin RuntimePhysXCooking
LogPluginManager: Mounting plugin SignificanceManager
LogPluginManager: Mounting plugin SoundFields
LogPluginManager: Mounting plugin Synthesis
LogPluginManager: Mounting plugin WebMMoviePlayer
LogPluginManager: Mounting plugin WindowsMoviePlayer
LogPluginManager: Mounting plugin ContentBrowserAssetDataSource
LogPluginManager: Mounting plugin ContentBrowserFileDataSource
LogPluginManager: Mounting plugin ContentBrowserClassDataSource
LogPluginManager: Mounting plugin OnlineSubsystemIOS
LogPluginManager: Mounting plugin OnlineSubsystemGooglePlay
LogPluginManager: Mounting plugin DatabaseSupport
LogPluginManager: Mounting plugin SQLiteCore
LogPluginManager: Mounting plugin SQLiteSupport
LogPluginManager: Mounting plugin OculusVR
LogPluginManager: Mounting plugin SteamVR
PixWinPlugin: PIX capture plugin failed to initialize! Check that the process is launched from PIX.
LogInit: Using libcurl 7.55.1-DEV
LogInit:  - built for x86_64-pc-win32
LogInit:  - supports SSL with OpenSSL/1.1.1
LogInit:  - supports HTTP deflate (compression) using libz 1.2.8
LogInit:  - other features:
LogInit:      CURL_VERSION_SSL
LogInit:      CURL_VERSION_LIBZ
LogInit:      CURL_VERSION_IPV6
LogInit:      CURL_VERSION_ASYNCHDNS
LogInit:      CURL_VERSION_LARGEFILE
LogInit:      CURL_VERSION_IDN
LogInit:  CurlRequestOptions (configurable via config and command line):
LogInit:  - bVerifyPeer = true  - Libcurl will verify peer certificate
LogInit:  - bUseHttpProxy = false  - Libcurl will NOT use HTTP proxy
LogInit:  - bDontReuseConnections = false  - Libcurl will reuse connections
LogInit:  - MaxHostConnections = 16  - Libcurl will limit the number of connections to a host
LogInit:  - LocalHostAddr = Default
LogInit:  - BufferSize = 65536
LogOnline: OSS: Creating online subsystem instance for: NULL
LogInit: WinSock: version 1.1 (2.2), MaxSocks=32767, MaxUdp=65467
LogOnline: OSS: TryLoadSubsystemAndSetDefault: Loaded subsystem for module [NULL]
LogOculusPluginWrapper: OculusPlugin initialized successfully
LogHMD: Failed initializing OVRPlugin 1.59.0
LogInit: Build: ++UE4+Release-4.27-CL-18319896
LogInit: Engine Version: 4.27.2-18319896+++UE4+Release-4.27
LogInit: Compatible Engine Version: 4.27.0-17155196+++UE4+Release-4.27
LogInit: Net CL: 17155196
LogInit: OS: Windows 10 (Release 2009) (), CPU: 11th Gen Intel(R) Core(TM) i7-11700F @ 2.50GHz, GPU: NVIDIA GeForce RTX 3060 Ti
LogInit: Compiled (64-bit): Nov 30 2021 07:12:08
LogInit: Compiled with Visual C++: 19.24.28315.00
LogInit: Build Configuration: Development
LogInit: Branch Name: ++UE4+Release-4.27
LogInit: Command Line: 
LogInit: Base Directory: C:/Program Files/Epic Games/UE_4.27/Engine/Binaries/Win64/
LogInit: Allocator: TBB
LogInit: Installed Engine Build: 1
LogDevObjectVersion: Number of dev versions registered: 29
LogDevObjectVersion:   Dev-Blueprints (B0D832E4-1F89-4F0D-ACCF-7EB736FD4AA2): 10
LogDevObjectVersion:   Dev-Build (E1C64328-A22C-4D53-A36C-8E866417BD8C): 0
LogDevObjectVersion:   Dev-Core (375EC13C-06E4-48FB-B500-84F0262A717E): 4
LogDevObjectVersion:   Dev-Editor (E4B068ED-F494-42E9-A231-DA0B2E46BB41): 40
LogDevObjectVersion:   Dev-Framework (CFFC743F-43B0-4480-9391-14DF171D2073): 37
LogDevObjectVersion:   Dev-Mobile (B02B49B5-BB20-44E9-A304-32B752E40360): 3
LogDevObjectVersion:   Dev-Networking (A4E4105C-59A1-49B5-A7C5-40C4547EDFEE): 0
LogDevObjectVersion:   Dev-Online (39C831C9-5AE6-47DC-9A44-9C173E1C8E7C): 0
LogDevObjectVersion:   Dev-Physics (78F01B33-EBEA-4F98-B9B4-84EACCB95AA2): 14
LogDevObjectVersion:   Dev-Platform (6631380F-2D4D-43E0-8009-CF276956A95A): 0
LogDevObjectVersion:   Dev-Rendering (12F88B9F-8875-4AFC-A67C-D90C383ABD29): 45
LogDevObjectVersion:   Dev-Sequencer (7B5AE74C-D270-4C10-A958-57980B212A5A): 13
LogDevObjectVersion:   Dev-VR (D7296918-1DD6-4BDD-9DE2-64A83CC13884): 3
LogDevObjectVersion:   Dev-LoadTimes (C2A15278-BFE7-4AFE-6C17-90FF531DF755): 1
LogDevObjectVersion:   Private-Geometry (6EACA3D4-40EC-4CC1-B786-8BED09428FC5): 3
LogDevObjectVersion:   Dev-AnimPhys (29E575DD-E0A3-4627-9D10-D276232CDCEA): 17
LogDevObjectVersion:   Dev-Anim (AF43A65D-7FD3-4947-9873-3E8ED9C1BB05): 15
LogDevObjectVersion:   Dev-ReflectionCapture (6B266CEC-1EC7-4B8F-A30B-E4D90942FC07): 1
LogDevObjectVersion:   Dev-Automation (0DF73D61-A23F-47EA-B727-89E90C41499A): 1
LogDevObjectVersion:   FortniteMain (601D1886-AC64-4F84-AA16-D3DE0DEAC7D6): 47
LogDevObjectVersion:   FortniteRelease (E7086368-6B23-4C58-8439-1B7016265E91): 1
LogDevObjectVersion:   Dev-Enterprise (9DFFBCD6-494F-0158-E221-12823C92A888): 10
LogDevObjectVersion:   Dev-Niagara (F2AED0AC-9AFE-416F-8664-AA7FFA26D6FC): 1
LogDevObjectVersion:   Dev-Destruction (174F1F0B-B4C6-45A5-B13F-2EE8D0FB917D): 10
LogDevObjectVersion:   Dev-Physics-Ext (35F94A83-E258-406C-A318-09F59610247C): 41
LogDevObjectVersion:   Dev-PhysicsMaterial-Chaos (B68FC16E-8B1B-42E2-B453-215C058844FE): 1
LogDevObjectVersion:   Dev-CineCamera (B2E18506-4273-CFC2-A54E-F4BB758BBA07): 1
LogDevObjectVersion:   Dev-VirtualProduction (64F58936-FD1B-42BA-BA96-7289D5D0FA4E): 1
LogDevObjectVersion:   Dev-MediaFramework (6F0ED827-A609-4895-9C91-998D90180EA4): 2
LogInit: Presizing for max 25165824 objects, including 0 objects not considered by GC, pre-allocating 0 bytes for permanent pool.
LogConfig: Applying CVar settings from Section [/Script/Engine.StreamingSettings] File [C:/Users/KAIA_007/Desktop/작은프로젝트/TeddyB_Project/Saved/Config/Windows/Engine.ini]
LogConfig: Setting CVar [[s.MinBulkDataSizeForAsyncLoading:131072]]
LogConfig: Setting CVar [[s.AsyncLoadingThreadEnabled:0]]
LogConfig: Setting CVar [[s.EventDrivenLoaderEnabled:1]]
LogConfig: Setting CVar [[s.WarnIfTimeLimitExceeded:0]]
LogConfig: Setting CVar [[s.TimeLimitExceededMultiplier:1.5]]
LogConfig: Setting CVar [[s.TimeLimitExceededMinTime:0.005]]
LogConfig: Setting CVar [[s.UseBackgroundLevelStreaming:1]]
LogConfig: Setting CVar [[s.PriorityAsyncLoadingExtraTime:15.0]]
LogConfig: Setting CVar [[s.LevelStreamingActorsUpdateTimeLimit:5.0]]
LogConfig: Setting CVar [[s.PriorityLevelStreamingActorsUpdateExtraTime:5.0]]
LogConfig: Setting CVar [[s.LevelStreamingComponentsRegistrationGranularity:10]]
LogConfig: Setting CVar [[s.UnregisterComponentsTimeLimit:1.0]]
LogConfig: Setting CVar [[s.LevelStreamingComponentsUnregistrationGranularity:5]]
LogConfig: Setting CVar [[s.FlushStreamingOnExit:1]]
LogInit: Object subsystem initialized
LogConfig: Setting CVar [[con.DebugEarlyDefault:1]]
LogConfig: Setting CVar [[r.setres:1280x720]]
[2022.06.17-04.04.29:116][  0]LogConfig: Setting CVar [[r.VSync:0]]
[2022.06.17-04.04.29:116][  0]LogConfig: Setting CVar [[r.RHICmdBypass:0]]
[2022.06.17-04.04.29:116][  0]LogConfig: Applying CVar settings from Section [/Script/Engine.RendererSettings] File [C:/Users/KAIA_007/Desktop/작은프로젝트/TeddyB_Project/Saved/Config/Windows/Engine.ini]
[2022.06.17-04.04.29:116][  0]LogConfig: Setting CVar [[r.GPUCrashDebugging:0]]
[2022.06.17-04.04.29:116][  0]LogConfig: Applying CVar settings from Section [/Script/Engine.RendererOverrideSettings] File [C:/Users/KAIA_007/Desktop/작은프로젝트/TeddyB_Project/Saved/Config/Windows/Engine.ini]
[2022.06.17-04.04.29:116][  0]LogConfig: Applying CVar settings from Section [/Script/Engine.StreamingSettings] File [C:/Users/KAIA_007/Desktop/작은프로젝트/TeddyB_Project/Saved/Config/Windows/Engine.ini]
[2022.06.17-04.04.29:116][  0]LogConfig: Setting CVar [[s.MinBulkDataSizeForAsyncLoading:131072]]
[2022.06.17-04.04.29:116][  0]LogConfig: Setting CVar [[s.AsyncLoadingThreadEnabled:0]]
[2022.06.17-04.04.29:116][  0]LogConfig: Setting CVar [[s.EventDrivenLoaderEnabled:1]]
[2022.06.17-04.04.29:116][  0]LogConfig: Setting CVar [[s.WarnIfTimeLimitExceeded:0]]
[2022.06.17-04.04.29:116][  0]LogConfig: Setting CVar [[s.TimeLimitExceededMultiplier:1.5]]
[2022.06.17-04.04.29:116][  0]LogConfig: Setting CVar [[s.TimeLimitExceededMinTime:0.005]]
[2022.06.17-04.04.29:116][  0]LogConfig: Setting CVar [[s.UseBackgroundLevelStreaming:1]]
[2022.06.17-04.04.29:116][  0]LogConfig: Setting CVar [[s.PriorityAsyncLoadingExtraTime:15.0]]
[2022.06.17-04.04.29:116][  0]LogConfig: Setting CVar [[s.LevelStreamingActorsUpdateTimeLimit:5.0]]
[2022.06.17-04.04.29:116][  0]LogConfig: Setting CVar [[s.PriorityLevelStreamingActorsUpdateExtraTime:5.0]]
[2022.06.17-04.04.29:117][  0]LogConfig: Setting CVar [[s.LevelStreamingComponentsRegistrationGranularity:10]]
[2022.06.17-04.04.29:117][  0]LogConfig: Setting CVar [[s.UnregisterComponentsTimeLimit:1.0]]
[2022.06.17-04.04.29:117][  0]LogConfig: Setting CVar [[s.LevelStreamingComponentsUnregistrationGranularity:5]]
[2022.06.17-04.04.29:117][  0]LogConfig: Setting CVar [[s.FlushStreamingOnExit:1]]
[2022.06.17-04.04.29:117][  0]LogConfig: Applying CVar settings from Section [/Script/Engine.GarbageCollectionSettings] File [C:/Users/KAIA_007/Desktop/작은프로젝트/TeddyB_Project/Saved/Config/Windows/Engine.ini]
[2022.06.17-04.04.29:117][  0]LogConfig: Setting CVar [[gc.MaxObjectsNotConsideredByGC:1]]
[2022.06.17-04.04.29:117][  0]LogConfig: Setting CVar [[gc.SizeOfPermanentObjectPool:0]]
[2022.06.17-04.04.29:117][  0]LogConfig: Setting CVar [[gc.FlushStreamingOnGC:0]]
[2022.06.17-04.04.29:117][  0]LogConfig: Setting CVar [[gc.NumRetriesBeforeForcingGC:10]]
[2022.06.17-04.04.29:117][  0]LogConfig: Setting CVar [[gc.AllowParallelGC:1]]
[2022.06.17-04.04.29:117][  0]LogConfig: Setting CVar [[gc.TimeBetweenPurgingPendingKillObjects:61.1]]
[2022.06.17-04.04.29:117][  0]LogConfig: Setting CVar [[gc.MaxObjectsInEditor:25165824]]
[2022.06.17-04.04.29:117][  0]LogConfig: Setting CVar [[gc.IncrementalBeginDestroyEnabled:1]]
[2022.06.17-04.04.29:117][  0]LogConfig: Setting CVar [[gc.CreateGCClusters:1]]
[2022.06.17-04.04.29:117][  0]LogConfig: Setting CVar [[gc.MinGCClusterSize:5]]
[2022.06.17-04.04.29:117][  0]LogConfig: Setting CVar [[gc.ActorClusteringEnabled:0]]
[2022.06.17-04.04.29:117][  0]LogConfig: Setting CVar [[gc.BlueprintClusteringEnabled:0]]
[2022.06.17-04.04.29:117][  0]LogConfig: Setting CVar [[gc.UseDisregardForGCOnDedicatedServers:0]]
[2022.06.17-04.04.29:117][  0]LogConfig: Setting CVar [[gc.MultithreadedDestructionEnabled:1]]
[2022.06.17-04.04.29:117][  0]LogConfig: Applying CVar settings from Section [/Script/Engine.NetworkSettings] File [C:/Users/KAIA_007/Desktop/작은프로젝트/TeddyB_Project/Saved/Config/Windows/Engine.ini]
[2022.06.17-04.04.29:117][  0]LogConfig: Applying CVar settings from Section [/Script/UnrealEd.CookerSettings] File [C:/Users/KAIA_007/Desktop/작은프로젝트/TeddyB_Project/Saved/Config/Windows/Engine.ini]
[2022.06.17-04.04.29:122][  0]LogConfig: Applying CVar settings from Section [ViewDistanceQuality@3] File [C:/Users/KAIA_007/Desktop/작은프로젝트/TeddyB_Project/Saved/Config/Windows/Scalability.ini]
[2022.06.17-04.04.29:122][  0]LogConfig: Setting CVar [[r.SkeletalMeshLODBias:0]]
[2022.06.17-04.04.29:122][  0]LogConfig: Setting CVar [[r.ViewDistanceScale:1.0]]
[2022.06.17-04.04.29:122][  0]LogConfig: Applying CVar settings from Section [AntiAliasingQuality@3] File [C:/Users/KAIA_007/Desktop/작은프로젝트/TeddyB_Project/Saved/Config/Windows/Scalability.ini]
[2022.06.17-04.04.29:122][  0]LogConfig: Setting CVar [[r.PostProcessAAQuality:4]]
[2022.06.17-04.04.29:122][  0]LogConfig: Applying CVar settings from Section [ShadowQuality@3] File [C:/Users/KAIA_007/Desktop/작은프로젝트/TeddyB_Project/Saved/Config/Windows/Scalability.ini]
[2022.06.17-04.04.29:122][  0]LogConfig: Setting CVar [[r.LightFunctionQuality:1]]
[2022.06.17-04.04.29:122][  0]LogConfig: Setting CVar [[r.ShadowQuality:5]]
[2022.06.17-04.04.29:122][  0]LogConfig: Setting CVar [[r.Shadow.CSM.MaxCascades:10]]
[2022.06.17-04.04.29:122][  0]LogConfig: Setting CVar [[r.Shadow.MaxResolution:2048]]
[2022.06.17-04.04.29:122][  0]LogConfig: Setting CVar [[r.Shadow.MaxCSMResolution:2048]]
[2022.06.17-04.04.29:122][  0]LogConfig: Setting CVar [[r.Shadow.RadiusThreshold:0.01]]
[2022.06.17-04.04.29:122][  0]LogConfig: Setting CVar [[r.Shadow.DistanceScale:1.0]]
[2022.06.17-04.04.29:122][  0]LogConfig: Setting CVar [[r.Shadow.CSM.TransitionScale:1.0]]
[2022.06.17-04.04.29:122][  0]LogConfig: Setting CVar [[r.Shadow.PreShadowResolutionFactor:1.0]]
[2022.06.17-04.04.29:122][  0]LogConfig: Setting CVar [[r.DistanceFieldShadowing:1]]
[2022.06.17-04.04.29:122][  0]LogConfig: Setting CVar [[r.DistanceFieldAO:1]]
[2022.06.17-04.04.29:122][  0]LogConfig: Setting CVar [[r.AOQuality:2]]
[2022.06.17-04.04.29:122][  0]LogConfig: Setting CVar [[r.VolumetricFog:1]]
[2022.06.17-04.04.29:122][  0]LogConfig: Setting CVar [[r.VolumetricFog.GridPixelSize:8]]
[2022.06.17-04.04.29:122][  0]LogConfig: Setting CVar [[r.VolumetricFog.GridSizeZ:128]]
[2022.06.17-04.04.29:122][  0]LogConfig: Setting CVar [[r.VolumetricFog.HistoryMissSupersampleCount:4]]
[2022.06.17-04.04.29:122][  0]LogConfig: Setting CVar [[r.LightMaxDrawDistanceScale:1]]
[2022.06.17-04.04.29:122][  0]LogConfig: Setting CVar [[r.CapsuleShadows:1]]
[2022.06.17-04.04.29:122][  0]LogConfig: Applying CVar settings from Section [PostProcessQuality@3] File [C:/Users/KAIA_007/Desktop/작은프로젝트/TeddyB_Project/Saved/Config/Windows/Scalability.ini]
[2022.06.17-04.04.29:122][  0]LogConfig: Setting CVar [[r.MotionBlurQuality:4]]
[2022.06.17-04.04.29:122][  0]LogConfig: Setting CVar [[r.AmbientOcclusionMipLevelFactor:0.4]]
[2022.06.17-04.04.29:122][  0]LogConfig: Setting CVar [[r.AmbientOcclusionMaxQuality:100]]
[2022.06.17-04.04.29:122][  0]LogConfig: Setting CVar [[r.AmbientOcclusionLevels:-1]]
[2022.06.17-04.04.29:122][  0]LogConfig: Setting CVar [[r.AmbientOcclusionRadiusScale:1.0]]
[2022.06.17-04.04.29:122][  0]LogConfig: Setting CVar [[r.DepthOfFieldQuality:2]]
[2022.06.17-04.04.29:122][  0]LogConfig: Setting CVar [[r.RenderTargetPoolMin:400]]
[2022.06.17-04.04.29:122][  0]LogConfig: Setting CVar [[r.LensFlareQuality:2]]
[2022.06.17-04.04.29:122][  0]LogConfig: Setting CVar [[r.SceneColorFringeQuality:1]]
[2022.06.17-04.04.29:122][  0]LogConfig: Setting CVar [[r.EyeAdaptationQuality:2]]
[2022.06.17-04.04.29:122][  0]LogConfig: Setting CVar [[r.BloomQuality:5]]
[2022.06.17-04.04.29:122][  0]LogConfig: Setting CVar [[r.FastBlurThreshold:100]]
[2022.06.17-04.04.29:122][  0]LogConfig: Setting CVar [[r.Upscale.Quality:3]]
[2022.06.17-04.04.29:122][  0]LogConfig: Setting CVar [[r.Tonemapper.GrainQuantization:1]]
[2022.06.17-04.04.29:122][  0]LogConfig: Setting CVar [[r.LightShaftQuality:1]]
[2022.06.17-04.04.29:122][  0]LogConfig: Setting CVar [[r.Filter.SizeScale:1]]
[2022.06.17-04.04.29:122][  0]LogConfig: Setting CVar [[r.Tonemapper.Quality:5]]
[2022.06.17-04.04.29:122][  0]LogConfig: Setting CVar [[r.DOF.Gather.AccumulatorQuality:1        ; higher gathering accumulator quality]]
[2022.06.17-04.04.29:122][  0]LogConfig: Setting CVar [[r.DOF.Gather.PostfilterMethod:1          ; Median3x3 postfilering method]]
[2022.06.17-04.04.29:122][  0]LogConfig: Setting CVar [[r.DOF.Gather.EnableBokehSettings:0       ; no bokeh simulation when gathering]]
[2022.06.17-04.04.29:122][  0]LogConfig: Setting CVar [[r.DOF.Gather.RingCount:4                 ; medium number of samples when gathering]]
[2022.06.17-04.04.29:122][  0]LogConfig: Setting CVar [[r.DOF.Scatter.ForegroundCompositing:1    ; additive foreground scattering]]
[2022.06.17-04.04.29:122][  0]LogConfig: Setting CVar [[r.DOF.Scatter.BackgroundCompositing:2    ; additive background scattering]]
[2022.06.17-04.04.29:122][  0]LogConfig: Setting CVar [[r.DOF.Scatter.EnableBokehSettings:1      ; bokeh simulation when scattering]]
[2022.06.17-04.04.29:122][  0]LogConfig: Setting CVar [[r.DOF.Scatter.MaxSpriteRatio:0.1         ; only a maximum of 10% of scattered bokeh]]
[2022.06.17-04.04.29:122][  0]LogConfig: Setting CVar [[r.DOF.Recombine.Quality:1                ; cheap slight out of focus]]
[2022.06.17-04.04.29:122][  0]LogConfig: Setting CVar [[r.DOF.Recombine.EnableBokehSettings:0    ; no bokeh simulation on slight out of focus]]
[2022.06.17-04.04.29:122][  0]LogConfig: Setting CVar [[r.DOF.TemporalAAQuality:1                ; more stable temporal accumulation]]
[2022.06.17-04.04.29:122][  0]LogConfig: Setting CVar [[r.DOF.Kernel.MaxForegroundRadius:0.025]]
[2022.06.17-04.04.29:122][  0]LogConfig: Setting CVar [[r.DOF.Kernel.MaxBackgroundRadius:0.025]]
[2022.06.17-04.04.29:122][  0]LogConfig: Applying CVar settings from Section [TextureQuality@3] File [C:/Users/KAIA_007/Desktop/작은프로젝트/TeddyB_Project/Saved/Config/Windows/Scalability.ini]
[2022.06.17-04.04.29:122][  0]LogConfig: Setting CVar [[r.Streaming.MipBias:0]]
[2022.06.17-04.04.29:122][  0]LogConfig: Setting CVar [[r.Streaming.AmortizeCPUToGPUCopy:0]]
[2022.06.17-04.04.29:122][  0]LogConfig: Setting CVar [[r.Streaming.MaxNumTexturesToStreamPerFrame:0]]
[2022.06.17-04.04.29:122][  0]LogConfig: Setting CVar [[r.Streaming.Boost:1]]
[2022.06.17-04.04.29:122][  0]LogConfig: Setting CVar [[r.MaxAnisotropy:8]]
[2022.06.17-04.04.29:122][  0]LogConfig: Setting CVar [[r.VT.MaxAnisotropy:8]]
[2022.06.17-04.04.29:122][  0]LogConfig: Setting CVar [[r.Streaming.LimitPoolSizeToVRAM:0]]
[2022.06.17-04.04.29:122][  0]LogConfig: Setting CVar [[r.Streaming.PoolSize:1000]]
[2022.06.17-04.04.29:122][  0]LogConfig: Setting CVar [[r.Streaming.MaxEffectiveScreenSize:0]]
[2022.06.17-04.04.29:122][  0]LogConfig: Applying CVar settings from Section [EffectsQuality@3] File [C:/Users/KAIA_007/Desktop/작은프로젝트/TeddyB_Project/Saved/Config/Windows/Scalability.ini]
[2022.06.17-04.04.29:122][  0]LogConfig: Setting CVar [[r.TranslucencyLightingVolumeDim:64]]
[2022.06.17-04.04.29:122][  0]LogConfig: Setting CVar [[r.RefractionQuality:2]]
[2022.06.17-04.04.29:122][  0]LogConfig: Setting CVar [[r.SSR.Quality:3]]
[2022.06.17-04.04.29:122][  0]LogConfig: Setting CVar [[r.SSR.HalfResSceneColor:0]]
[2022.06.17-04.04.29:122][  0]LogConfig: Setting CVar [[r.SceneColorFormat:4]]
[2022.06.17-04.04.29:122][  0]LogConfig: Setting CVar [[r.DetailMode:2]]
[2022.06.17-04.04.29:122][  0]LogConfig: Setting CVar [[r.TranslucencyVolumeBlur:1]]
[2022.06.17-04.04.29:122][  0]LogConfig: Setting CVar [[r.MaterialQualityLevel:1 ; High quality]]
[2022.06.17-04.04.29:122][  0]LogConfig: Setting CVar [[r.AnisotropicMaterials:1]]
[2022.06.17-04.04.29:122][  0]LogConfig: Setting CVar [[r.SSS.Scale:1]]
[2022.06.17-04.04.29:122][  0]LogConfig: Setting CVar [[r.SSS.SampleSet:2]]
[2022.06.17-04.04.29:122][  0]LogConfig: Setting CVar [[r.SSS.Quality:1]]
[2022.06.17-04.04.29:122][  0]LogConfig: Setting CVar [[r.SSS.HalfRes:0]]
[2022.06.17-04.04.29:122][  0]LogConfig: Setting CVar [[r.SSGI.Quality:3]]
[2022.06.17-04.04.29:122][  0]LogConfig: Setting CVar [[r.EmitterSpawnRateScale:1.0]]
[2022.06.17-04.04.29:122][  0]LogConfig: Setting CVar [[r.ParticleLightQuality:2]]
[2022.06.17-04.04.29:122][  0]LogConfig: Setting CVar [[r.SkyAtmosphere.AerialPerspectiveLUT.FastApplyOnOpaque:1 ; Always have FastSkyLUT 1 in this case to avoid wrong sky]]
[2022.06.17-04.04.29:122][  0]LogConfig: Setting CVar [[r.SkyAtmosphere.AerialPerspectiveLUT.SampleCountMaxPerSlice:4]]
[2022.06.17-04.04.29:122][  0]LogConfig: Setting CVar [[r.SkyAtmosphere.AerialPerspectiveLUT.DepthResolution:16.0]]
[2022.06.17-04.04.29:122][  0]LogConfig: Setting CVar [[r.SkyAtmosphere.FastSkyLUT:1]]
[2022.06.17-04.04.29:122][  0]LogConfig: Setting CVar [[r.SkyAtmosphere.FastSkyLUT.SampleCountMin:4.0]]
[2022.06.17-04.04.29:122][  0]LogConfig: Setting CVar [[r.SkyAtmosphere.FastSkyLUT.SampleCountMax:128.0]]
[2022.06.17-04.04.29:122][  0]LogConfig: Setting CVar [[r.SkyAtmosphere.SampleCountMin:4.0]]
[2022.06.17-04.04.29:122][  0]LogConfig: Setting CVar [[r.SkyAtmosphere.SampleCountMax:128.0]]
[2022.06.17-04.04.29:122][  0]LogConfig: Setting CVar [[r.SkyAtmosphere.TransmittanceLUT.UseSmallFormat:0]]
[2022.06.17-04.04.29:122][  0]LogConfig: Setting CVar [[r.SkyAtmosphere.TransmittanceLUT.SampleCount:10.0]]
[2022.06.17-04.04.29:122][  0]LogConfig: Setting CVar [[r.SkyAtmosphere.MultiScatteringLUT.SampleCount:15.0]]
[2022.06.17-04.04.29:122][  0]LogConfig: Setting CVar [[r.SkyLight.RealTimeReflectionCapture:1]]
[2022.06.17-04.04.29:122][  0]LogConfig: Applying CVar settings from Section [FoliageQuality@3] File [C:/Users/KAIA_007/Desktop/작은프로젝트/TeddyB_Project/Saved/Config/Windows/Scalability.ini]
[2022.06.17-04.04.29:122][  0]LogConfig: Setting CVar [[foliage.DensityScale:1.0]]
[2022.06.17-04.04.29:122][  0]LogConfig: Setting CVar [[grass.DensityScale:1.0]]
[2022.06.17-04.04.29:122][  0]LogConfig: Applying CVar settings from Section [ShadingQuality@3] File [C:/Users/KAIA_007/Desktop/작은프로젝트/TeddyB_Project/Saved/Config/Windows/Scalability.ini]
[2022.06.17-04.04.29:122][  0]LogConfig: Setting CVar [[r.HairStrands.SkyLighting.IntegrationType:2]]
[2022.06.17-04.04.29:122][  0]LogConfig: Setting CVar [[r.HairStrands.SkyAO.SampleCount:4]]
[2022.06.17-04.04.29:122][  0]LogConfig: Setting CVar [[r.HairStrands.Visibility.MSAA.SamplePerPixel:4]]
[2022.06.17-04.04.29:122][  0]LogInit: Selected Device Profile: [Windows]
[2022.06.17-04.04.29:122][  0]LogInit: Applying CVar settings loaded from the selected device profile: [Windows]
[2022.06.17-04.04.29:122][  0]LogHAL: Display: Platform has ~ 32 GB [34114674688 / 34359738368 / 32], which maps to Largest [LargestMinGB=32, LargerMinGB=12, DefaultMinGB=8, SmallerMinGB=6, SmallestMinGB=0)
[2022.06.17-04.04.29:122][  0]LogInit: Going up to parent DeviceProfile []
[2022.06.17-04.04.29:122][  0]LogConfig: Applying CVar settings from Section [ViewDistanceQuality@3] File [C:/Users/KAIA_007/Desktop/작은프로젝트/TeddyB_Project/Saved/Config/Windows/Scalability.ini]
[2022.06.17-04.04.29:122][  0]LogConfig: Setting CVar [[r.SkeletalMeshLODBias:0]]
[2022.06.17-04.04.29:122][  0]LogConfig: Setting CVar [[r.ViewDistanceScale:1.0]]
[2022.06.17-04.04.29:122][  0]LogConfig: Applying CVar settings from Section [AntiAliasingQuality@3] File [C:/Users/KAIA_007/Desktop/작은프로젝트/TeddyB_Project/Saved/Config/Windows/Scalability.ini]
[2022.06.17-04.04.29:122][  0]LogConfig: Setting CVar [[r.PostProcessAAQuality:4]]
[2022.06.17-04.04.29:122][  0]LogConfig: Applying CVar settings from Section [ShadowQuality@3] File [C:/Users/KAIA_007/Desktop/작은프로젝트/TeddyB_Project/Saved/Config/Windows/Scalability.ini]
[2022.06.17-04.04.29:122][  0]LogConfig: Setting CVar [[r.LightFunctionQuality:1]]
[2022.06.17-04.04.29:122][  0]LogConfig: Setting CVar [[r.ShadowQuality:5]]
[2022.06.17-04.04.29:122][  0]LogConfig: Setting CVar [[r.Shadow.CSM.MaxCascades:10]]
[2022.06.17-04.04.29:122][  0]LogConfig: Setting CVar [[r.Shadow.MaxResolution:2048]]
[2022.06.17-04.04.29:122][  0]LogConfig: Setting CVar [[r.Shadow.MaxCSMResolution:2048]]
[2022.06.17-04.04.29:122][  0]LogConfig: Setting CVar [[r.Shadow.RadiusThreshold:0.01]]
[2022.06.17-04.04.29:122][  0]LogConfig: Setting CVar [[r.Shadow.DistanceScale:1.0]]
[2022.06.17-04.04.29:122][  0]LogConfig: Setting CVar [[r.Shadow.CSM.TransitionScale:1.0]]
[2022.06.17-04.04.29:122][  0]LogConfig: Setting CVar [[r.Shadow.PreShadowResolutionFactor:1.0]]
[2022.06.17-04.04.29:122][  0]LogConfig: Setting CVar [[r.DistanceFieldShadowing:1]]
[2022.06.17-04.04.29:122][  0]LogConfig: Setting CVar [[r.DistanceFieldAO:1]]
[2022.06.17-04.04.29:122][  0]LogConfig: Setting CVar [[r.AOQuality:2]]
[2022.06.17-04.04.29:122][  0]LogConfig: Setting CVar [[r.VolumetricFog:1]]
[2022.06.17-04.04.29:122][  0]LogConfig: Setting CVar [[r.VolumetricFog.GridPixelSize:8]]
[2022.06.17-04.04.29:122][  0]LogConfig: Setting CVar [[r.VolumetricFog.GridSizeZ:128]]
[2022.06.17-04.04.29:122][  0]LogConfig: Setting CVar [[r.VolumetricFog.HistoryMissSupersampleCount:4]]
[2022.06.17-04.04.29:122][  0]LogConfig: Setting CVar [[r.LightMaxDrawDistanceScale:1]]
[2022.06.17-04.04.29:122][  0]LogConfig: Setting CVar [[r.CapsuleShadows:1]]
[2022.06.17-04.04.29:122][  0]LogConfig: Applying CVar settings from Section [PostProcessQuality@3] File [C:/Users/KAIA_007/Desktop/작은프로젝트/TeddyB_Project/Saved/Config/Windows/Scalability.ini]
[2022.06.17-04.04.29:122][  0]LogConfig: Setting CVar [[r.MotionBlurQuality:4]]
[2022.06.17-04.04.29:122][  0]LogConfig: Setting CVar [[r.AmbientOcclusionMipLevelFactor:0.4]]
[2022.06.17-04.04.29:122][  0]LogConfig: Setting CVar [[r.AmbientOcclusionMaxQuality:100]]
[2022.06.17-04.04.29:122][  0]LogConfig: Setting CVar [[r.AmbientOcclusionLevels:-1]]
[2022.06.17-04.04.29:122][  0]LogConfig: Setting CVar [[r.AmbientOcclusionRadiusScale:1.0]]
[2022.06.17-04.04.29:122][  0]LogConfig: Setting CVar [[r.DepthOfFieldQuality:2]]
[2022.06.17-04.04.29:122][  0]LogConfig: Setting CVar [[r.RenderTargetPoolMin:400]]
[2022.06.17-04.04.29:122][  0]LogConfig: Setting CVar [[r.LensFlareQuality:2]]
[2022.06.17-04.04.29:122][  0]LogConfig: Setting CVar [[r.SceneColorFringeQuality:1]]
[2022.06.17-04.04.29:122][  0]LogConfig: Setting CVar [[r.EyeAdaptationQuality:2]]
[2022.06.17-04.04.29:122][  0]LogConfig: Setting CVar [[r.BloomQuality:5]]
[2022.06.17-04.04.29:122][  0]LogConfig: Setting CVar [[r.FastBlurThreshold:100]]
[2022.06.17-04.04.29:122][  0]LogConfig: Setting CVar [[r.Upscale.Quality:3]]
[2022.06.17-04.04.29:122][  0]LogConfig: Setting CVar [[r.Tonemapper.GrainQuantization:1]]
[2022.06.17-04.04.29:122][  0]LogConfig: Setting CVar [[r.LightShaftQuality:1]]
[2022.06.17-04.04.29:122][  0]LogConfig: Setting CVar [[r.Filter.SizeScale:1]]
[2022.06.17-04.04.29:122][  0]LogConfig: Setting CVar [[r.Tonemapper.Quality:5]]
[2022.06.17-04.04.29:122][  0]LogConfig: Setting CVar [[r.DOF.Gather.AccumulatorQuality:1        ; higher gathering accumulator quality]]
[2022.06.17-04.04.29:123][  0]LogConfig: Setting CVar [[r.DOF.Gather.PostfilterMethod:1          ; Median3x3 postfilering method]]
[2022.06.17-04.04.29:123][  0]LogConfig: Setting CVar [[r.DOF.Gather.EnableBokehSettings:0       ; no bokeh simulation when gathering]]
[2022.06.17-04.04.29:123][  0]LogConfig: Setting CVar [[r.DOF.Gather.RingCount:4                 ; medium number of samples when gathering]]
[2022.06.17-04.04.29:123][  0]LogConfig: Setting CVar [[r.DOF.Scatter.ForegroundCompositing:1    ; additive foreground scattering]]
[2022.06.17-04.04.29:123][  0]LogConfig: Setting CVar [[r.DOF.Scatter.BackgroundCompositing:2    ; additive background scattering]]
[2022.06.17-04.04.29:123][  0]LogConfig: Setting CVar [[r.DOF.Scatter.EnableBokehSettings:1      ; bokeh simulation when scattering]]
[2022.06.17-04.04.29:123][  0]LogConfig: Setting CVar [[r.DOF.Scatter.MaxSpriteRatio:0.1         ; only a maximum of 10% of scattered bokeh]]
[2022.06.17-04.04.29:123][  0]LogConfig: Setting CVar [[r.DOF.Recombine.Quality:1                ; cheap slight out of focus]]
[2022.06.17-04.04.29:123][  0]LogConfig: Setting CVar [[r.DOF.Recombine.EnableBokehSettings:0    ; no bokeh simulation on slight out of focus]]
[2022.06.17-04.04.29:123][  0]LogConfig: Setting CVar [[r.DOF.TemporalAAQuality:1                ; more stable temporal accumulation]]
[2022.06.17-04.04.29:123][  0]LogConfig: Setting CVar [[r.DOF.Kernel.MaxForegroundRadius:0.025]]
[2022.06.17-04.04.29:123][  0]LogConfig: Setting CVar [[r.DOF.Kernel.MaxBackgroundRadius:0.025]]
[2022.06.17-04.04.29:123][  0]LogConfig: Applying CVar settings from Section [TextureQuality@3] File [C:/Users/KAIA_007/Desktop/작은프로젝트/TeddyB_Project/Saved/Config/Windows/Scalability.ini]
[2022.06.17-04.04.29:123][  0]LogConfig: Setting CVar [[r.Streaming.MipBias:0]]
[2022.06.17-04.04.29:123][  0]LogConfig: Setting CVar [[r.Streaming.AmortizeCPUToGPUCopy:0]]
[2022.06.17-04.04.29:123][  0]LogConfig: Setting CVar [[r.Streaming.MaxNumTexturesToStreamPerFrame:0]]
[2022.06.17-04.04.29:123][  0]LogConfig: Setting CVar [[r.Streaming.Boost:1]]
[2022.06.17-04.04.29:123][  0]LogConfig: Setting CVar [[r.MaxAnisotropy:8]]
[2022.06.17-04.04.29:123][  0]LogConfig: Setting CVar [[r.VT.MaxAnisotropy:8]]
[2022.06.17-04.04.29:123][  0]LogConfig: Setting CVar [[r.Streaming.LimitPoolSizeToVRAM:0]]
[2022.06.17-04.04.29:123][  0]LogConfig: Setting CVar [[r.Streaming.PoolSize:1000]]
[2022.06.17-04.04.29:123][  0]LogConfig: Setting CVar [[r.Streaming.MaxEffectiveScreenSize:0]]
[2022.06.17-04.04.29:123][  0]LogConfig: Applying CVar settings from Section [EffectsQuality@3] File [C:/Users/KAIA_007/Desktop/작은프로젝트/TeddyB_Project/Saved/Config/Windows/Scalability.ini]
[2022.06.17-04.04.29:123][  0]LogConfig: Setting CVar [[r.TranslucencyLightingVolumeDim:64]]
[2022.06.17-04.04.29:123][  0]LogConfig: Setting CVar [[r.RefractionQuality:2]]
[2022.06.17-04.04.29:123][  0]LogConfig: Setting CVar [[r.SSR.Quality:3]]
[2022.06.17-04.04.29:123][  0]LogConfig: Setting CVar [[r.SSR.HalfResSceneColor:0]]
[2022.06.17-04.04.29:123][  0]LogConfig: Setting CVar [[r.SceneColorFormat:4]]
[2022.06.17-04.04.29:123][  0]LogConfig: Setting CVar [[r.DetailMode:2]]
[2022.06.17-04.04.29:123][  0]LogConfig: Setting CVar [[r.TranslucencyVolumeBlur:1]]
[2022.06.17-04.04.29:123][  0]LogConfig: Setting CVar [[r.MaterialQualityLevel:1 ; High quality]]
[2022.06.17-04.04.29:123][  0]LogConfig: Setting CVar [[r.AnisotropicMaterials:1]]
[2022.06.17-04.04.29:123][  0]LogConfig: Setting CVar [[r.SSS.Scale:1]]
[2022.06.17-04.04.29:123][  0]LogConfig: Setting CVar [[r.SSS.SampleSet:2]]
[2022.06.17-04.04.29:123][  0]LogConfig: Setting CVar [[r.SSS.Quality:1]]
[2022.06.17-04.04.29:123][  0]LogConfig: Setting CVar [[r.SSS.HalfRes:0]]
[2022.06.17-04.04.29:123][  0]LogConfig: Setting CVar [[r.SSGI.Quality:3]]
[2022.06.17-04.04.29:123][  0]LogConfig: Setting CVar [[r.EmitterSpawnRateScale:1.0]]
[2022.06.17-04.04.29:123][  0]LogConfig: Setting CVar [[r.ParticleLightQuality:2]]
[2022.06.17-04.04.29:123][  0]LogConfig: Setting CVar [[r.SkyAtmosphere.AerialPerspectiveLUT.FastApplyOnOpaque:1 ; Always have FastSkyLUT 1 in this case to avoid wrong sky]]
[2022.06.17-04.04.29:123][  0]LogConfig: Setting CVar [[r.SkyAtmosphere.AerialPerspectiveLUT.SampleCountMaxPerSlice:4]]
[2022.06.17-04.04.29:123][  0]LogConfig: Setting CVar [[r.SkyAtmosphere.AerialPerspectiveLUT.DepthResolution:16.0]]
[2022.06.17-04.04.29:123][  0]LogConfig: Setting CVar [[r.SkyAtmosphere.FastSkyLUT:1]]
[2022.06.17-04.04.29:123][  0]LogConfig: Setting CVar [[r.SkyAtmosphere.FastSkyLUT.SampleCountMin:4.0]]
[2022.06.17-04.04.29:123][  0]LogConfig: Setting CVar [[r.SkyAtmosphere.FastSkyLUT.SampleCountMax:128.0]]
[2022.06.17-04.04.29:123][  0]LogConfig: Setting CVar [[r.SkyAtmosphere.SampleCountMin:4.0]]
[2022.06.17-04.04.29:123][  0]LogConfig: Setting CVar [[r.SkyAtmosphere.SampleCountMax:128.0]]
[2022.06.17-04.04.29:123][  0]LogConfig: Setting CVar [[r.SkyAtmosphere.TransmittanceLUT.UseSmallFormat:0]]
[2022.06.17-04.04.29:123][  0]LogConfig: Setting CVar [[r.SkyAtmosphere.TransmittanceLUT.SampleCount:10.0]]
[2022.06.17-04.04.29:123][  0]LogConfig: Setting CVar [[r.SkyAtmosphere.MultiScatteringLUT.SampleCount:15.0]]
[2022.06.17-04.04.29:123][  0]LogConfig: Setting CVar [[r.SkyLight.RealTimeReflectionCapture:1]]
[2022.06.17-04.04.29:123][  0]LogConfig: Applying CVar settings from Section [FoliageQuality@3] File [C:/Users/KAIA_007/Desktop/작은프로젝트/TeddyB_Project/Saved/Config/Windows/Scalability.ini]
[2022.06.17-04.04.29:123][  0]LogConfig: Setting CVar [[foliage.DensityScale:1.0]]
[2022.06.17-04.04.29:123][  0]LogConfig: Setting CVar [[grass.DensityScale:1.0]]
[2022.06.17-04.04.29:123][  0]LogConfig: Applying CVar settings from Section [ShadingQuality@3] File [C:/Users/KAIA_007/Desktop/작은프로젝트/TeddyB_Project/Saved/Config/Windows/Scalability.ini]
[2022.06.17-04.04.29:123][  0]LogConfig: Setting CVar [[r.HairStrands.SkyLighting.IntegrationType:2]]
[2022.06.17-04.04.29:123][  0]LogConfig: Setting CVar [[r.HairStrands.SkyAO.SampleCount:4]]
[2022.06.17-04.04.29:123][  0]LogConfig: Setting CVar [[r.HairStrands.Visibility.MSAA.SamplePerPixel:4]]
[2022.06.17-04.04.29:123][  0]LogConfig: Applying CVar settings from Section [Startup] File [../../../Engine/Config/ConsoleVariables.ini]
[2022.06.17-04.04.29:125][  0]LogConfig: Setting CVar [[net.UseAdaptiveNetUpdateFrequency:0]]
[2022.06.17-04.04.29:125][  0]LogConfig: Setting CVar [[p.chaos.AllowCreatePhysxBodies:1]]
[2022.06.17-04.04.29:125][  0]LogConfig: Setting CVar [[fx.SkipVectorVMBackendOptimizations:1]]
[2022.06.17-04.04.29:125][  0]LogConfig: Applying CVar settings from Section [ConsoleVariables] File [C:/Users/KAIA_007/Desktop/작은프로젝트/TeddyB_Project/Saved/Config/Windows/Engine.ini]
[2022.06.17-04.04.29:125][  0]LogConfig: Applying CVar settings from Section [ConsoleVariables] File [C:/Users/KAIA_007/Desktop/작은프로젝트/TeddyB_Project/Saved/Config/Windows/Editor.ini]
[2022.06.17-04.04.29:125][  0]LogInit: Computer: DESKTOP-MVBLIKP
[2022.06.17-04.04.29:125][  0]LogInit: User: KAIA007
[2022.06.17-04.04.29:125][  0]LogInit: CPU Page size=4096, Cores=8
[2022.06.17-04.04.29:125][  0]LogInit: High frequency timer resolution =10.000000 MHz
[2022.06.17-04.04.29:125][  0]LogMemory: Memory total: Physical=31.8GB (32GB approx)
[2022.06.17-04.04.29:125][  0]LogMemory: Platform Memory Stats for Windows
[2022.06.17-04.04.29:125][  0]LogMemory: Process Physical Memory: 147.59 MB used, 147.59 MB peak
[2022.06.17-04.04.29:125][  0]LogMemory: Process Virtual Memory: 131.46 MB used, 131.46 MB peak
[2022.06.17-04.04.29:125][  0]LogMemory: Physical Memory: 11702.93 MB used,  20831.36 MB free, 32534.29 MB total
[2022.06.17-04.04.29:125][  0]LogMemory: Virtual Memory: 134193984.00 MB used,  23742.58 MB free, 134217728.00 MB total
[2022.06.17-04.04.29:129][  0]LogWindows: WindowsPlatformFeatures enabled
[2022.06.17-04.04.29:166][  0]LogInit: Physics initialised using underlying interface: PhysX
[2022.06.17-04.04.29:166][  0]LogInit: Using OS detected language (ko-KR).
[2022.06.17-04.04.29:166][  0]LogInit: Using OS detected locale (ko-KR).
[2022.06.17-04.04.29:171][  0]LogTextLocalizationManager: No specific localization for 'ko-KR' exists, so the 'ko' localization will be used.
[2022.06.17-04.04.29:248][  0]LogInit: Setting process to per monitor DPI aware
[2022.06.17-04.04.29:270][  0]LogWindowsTextInputMethodSystem: Display: IME system deactivated.
[2022.06.17-04.04.29:279][  0]LogSlate: New Slate User Created.  User Index 0, Is Virtual User: 0
[2022.06.17-04.04.29:279][  0]LogSlate: Slate User Registered.  User Index 0, Is Virtual User: 0
[2022.06.17-04.04.29:393][  0]LogD3D11RHI: Loaded GFSDK_Aftermath_Lib.x64.dll
[2022.06.17-04.04.29:397][  0]LogHMD: Failed to initialize OpenVR with code 110
[2022.06.17-04.04.29:397][  0]LogD3D11RHI: D3D11 min allowed feature level: 11_0
[2022.06.17-04.04.29:397][  0]LogD3D11RHI: D3D11 max allowed feature level: 11_0
[2022.06.17-04.04.29:397][  0]LogD3D11RHI: D3D11 adapters:
[2022.06.17-04.04.29:485][  0]LogD3D11RHI:    0. 'NVIDIA GeForce RTX 3060 Ti' (Feature Level 11_0)
[2022.06.17-04.04.29:485][  0]LogD3D11RHI:       8050/0/16267 MB DedicatedVideo/DedicatedSystem/SharedSystem, Outputs:1, VendorId:0x10de
[2022.06.17-04.04.29:488][  0]LogD3D11RHI:    1. 'Microsoft Basic Render Driver' (Feature Level 11_0)
[2022.06.17-04.04.29:488][  0]LogD3D11RHI:       0/0/16267 MB DedicatedVideo/DedicatedSystem/SharedSystem, Outputs:0, VendorId:0x1414
[2022.06.17-04.04.29:488][  0]LogD3D11RHI: Chosen D3D11 Adapter:
[2022.06.17-04.04.29:488][  0]LogD3D11RHI:     Description : NVIDIA GeForce RTX 3060 Ti
[2022.06.17-04.04.29:488][  0]LogD3D11RHI:     VendorId    : 10de
[2022.06.17-04.04.29:488][  0]LogD3D11RHI:     DeviceId    : 2489
[2022.06.17-04.04.29:488][  0]LogD3D11RHI:     SubSysId    : 88d4103c
[2022.06.17-04.04.29:488][  0]LogD3D11RHI:     Revision    : 00a1
[2022.06.17-04.04.29:488][  0]LogD3D11RHI:     DedicatedVideoMemory : 8441036800 bytes
[2022.06.17-04.04.29:488][  0]LogD3D11RHI:     DedicatedSystemMemory : 0 bytes
[2022.06.17-04.04.29:488][  0]LogD3D11RHI:     SharedSystemMemory : 17057337344 bytes
[2022.06.17-04.04.29:488][  0]LogD3D11RHI:     AdapterLuid : 0 58997
[2022.06.17-04.04.29:492][  0]LogD3D11RHI: Creating new Direct3DDevice
[2022.06.17-04.04.29:492][  0]LogD3D11RHI:     GPU DeviceId: 0x2489 (for the marketing name, search the web for "GPU Device Id")
[2022.06.17-04.04.29:492][  0]LogWindows: EnumDisplayDevices:
[2022.06.17-04.04.29:492][  0]LogWindows:    0. 'NVIDIA GeForce RTX 3060 Ti' (P:1 D:1)
[2022.06.17-04.04.29:492][  0]LogWindows:    1. 'NVIDIA GeForce RTX 3060 Ti' (P:0 D:0)
[2022.06.17-04.04.29:492][  0]LogWindows:    2. 'NVIDIA GeForce RTX 3060 Ti' (P:0 D:0)
[2022.06.17-04.04.29:492][  0]LogWindows:    3. 'NVIDIA GeForce RTX 3060 Ti' (P:0 D:0)
[2022.06.17-04.04.29:492][  0]LogWindows: DebugString: FoundDriverCount:4 
[2022.06.17-04.04.29:492][  0]LogD3D11RHI:     Adapter Name: NVIDIA GeForce RTX 3060 Ti
[2022.06.17-04.04.29:492][  0]LogD3D11RHI:   Driver Version: 511.65 (internal:30.0.15.1165, unified:511.65)
[2022.06.17-04.04.29:492][  0]LogD3D11RHI:      Driver Date: 1-28-2022
[2022.06.17-04.04.29:492][  0]LogRHI: Texture pool is 5635 MB (70% of 8050 MB)
[2022.06.17-04.04.29:492][  0]LogD3D11RHI: Creating D3DDevice using adapter:
[2022.06.17-04.04.29:492][  0]LogD3D11RHI:     Description : NVIDIA GeForce RTX 3060 Ti
[2022.06.17-04.04.29:492][  0]LogD3D11RHI:     VendorId    : 10de
[2022.06.17-04.04.29:492][  0]LogD3D11RHI:     DeviceId    : 2489
[2022.06.17-04.04.29:492][  0]LogD3D11RHI:     SubSysId    : 88d4103c
[2022.06.17-04.04.29:492][  0]LogD3D11RHI:     Revision    : 00a1
[2022.06.17-04.04.29:492][  0]LogD3D11RHI:     DedicatedVideoMemory : 8441036800 bytes
[2022.06.17-04.04.29:492][  0]LogD3D11RHI:     DedicatedSystemMemory : 0 bytes
[2022.06.17-04.04.29:492][  0]LogD3D11RHI:     SharedSystemMemory : 17057337344 bytes
[2022.06.17-04.04.29:492][  0]LogD3D11RHI:     AdapterLuid : 0 58997
[2022.06.17-04.04.29:534][  0]LogD3D11RHI: RHI has support for 64 bit atomics
[2022.06.17-04.04.29:534][  0]LogD3D11RHI: Async texture creation enabled
[2022.06.17-04.04.29:534][  0]LogD3D11RHI: Array index from any shader is supported
[2022.06.17-04.04.29:553][  0]LogD3D11RHI: GPU Timing Frequency: 1000.000000 (Debug: 2 2)
[2022.06.17-04.04.29:575][  0]LogRHI: GeForceNow SDK initialized: 1
[2022.06.17-04.04.29:819][  0]LogTargetPlatformManager: Display: Loaded TargetPlatform 'AllDesktop'
[2022.06.17-04.04.29:838][  0]LogTargetPlatformManager: Display: Loaded TargetPlatform 'Android'
[2022.06.17-04.04.29:838][  0]LogTargetPlatformManager: Display: Loaded TargetPlatform 'Android_ASTC'
[2022.06.17-04.04.29:838][  0]LogTargetPlatformManager: Display: Loaded TargetPlatform 'Android_DXT'
[2022.06.17-04.04.29:838][  0]LogTargetPlatformManager: Display: Loaded TargetPlatform 'Android_ETC2'
[2022.06.17-04.04.29:838][  0]LogTargetPlatformManager: Display: Loaded TargetPlatform 'AndroidClient'
[2022.06.17-04.04.29:838][  0]LogTargetPlatformManager: Display: Loaded TargetPlatform 'Android_ASTCClient'
[2022.06.17-04.04.29:838][  0]LogTargetPlatformManager: Display: Loaded TargetPlatform 'Android_DXTClient'
[2022.06.17-04.04.29:838][  0]LogTargetPlatformManager: Display: Loaded TargetPlatform 'Android_ETC2Client'
[2022.06.17-04.04.29:838][  0]LogTargetPlatformManager: Display: Loaded TargetPlatform 'Android_Multi'
[2022.06.17-04.04.29:838][  0]LogTargetPlatformManager: Display: Loaded TargetPlatform 'Android_MultiClient'
[2022.06.17-04.04.29:859][  0]LogTargetPlatformManager: Display: Loaded TargetPlatform 'IOSClient'
[2022.06.17-04.04.29:859][  0]LogTargetPlatformManager: Display: Loaded TargetPlatform 'IOS'
[2022.06.17-04.04.29:868][  0]LogTargetPlatformManager: Display: Loaded TargetPlatform 'Linux'
[2022.06.17-04.04.29:872][  0]LogTargetPlatformManager: Display: Loaded TargetPlatform 'LinuxNoEditor'
[2022.06.17-04.04.29:875][  0]LogTargetPlatformManager: Display: Loaded TargetPlatform 'LinuxClient'
[2022.06.17-04.04.29:879][  0]LogTargetPlatformManager: Display: Loaded TargetPlatform 'LinuxServer'
[2022.06.17-04.04.29:887][  0]LogTargetPlatformManager: Display: Loaded TargetPlatform 'LinuxAArch64NoEditor'
[2022.06.17-04.04.29:890][  0]LogTargetPlatformManager: Display: Loaded TargetPlatform 'LinuxAArch64Client'
[2022.06.17-04.04.29:893][  0]LogTargetPlatformManager: Display: Loaded TargetPlatform 'LinuxAArch64Server'
[2022.06.17-04.04.29:919][  0]LogTargetPlatformManager: Display: Loaded TargetPlatform 'Lumin'
[2022.06.17-04.04.29:919][  0]LogTargetPlatformManager: Display: Loaded TargetPlatform 'LuminClient'
[2022.06.17-04.04.29:928][  0]LogTargetPlatformManager: Display: Loaded TargetPlatform 'MacNoEditor'
[2022.06.17-04.04.29:932][  0]LogTargetPlatformManager: Display: Loaded TargetPlatform 'Mac'
[2022.06.17-04.04.29:935][  0]LogTargetPlatformManager: Display: Loaded TargetPlatform 'MacClient'
[2022.06.17-04.04.29:939][  0]LogTargetPlatformManager: Display: Loaded TargetPlatform 'MacServer'
[2022.06.17-04.04.29:948][  0]LogTargetPlatformManager: Display: Loaded TargetPlatform 'TVOSClient'
[2022.06.17-04.04.29:948][  0]LogTargetPlatformManager: Display: Loaded TargetPlatform 'TVOS'
[2022.06.17-04.04.29:957][  0]LogTargetPlatformManager: Display: Loaded TargetPlatform 'WindowsNoEditor'
[2022.06.17-04.04.29:961][  0]LogTargetPlatformManager: Display: Loaded TargetPlatform 'Windows'
[2022.06.17-04.04.29:966][  0]LogTargetPlatformManager: Display: Loaded TargetPlatform 'WindowsClient'
[2022.06.17-04.04.29:969][  0]LogTargetPlatformManager: Display: Loaded TargetPlatform 'WindowsServer'
[2022.06.17-04.04.29:969][  0]LogTargetPlatformManager: Display: Building Assets For Windows
[2022.06.17-04.04.29:977][  0]LogAudioDebug: Display: Lib vorbis DLL was dynamically loaded.
[2022.06.17-04.04.30:006][  0]LogTextureFormatOodle: Display: Oodle Texture 2.9.0 init RDO Off
[2022.06.17-04.04.30:034][  0]LogRendererCore: Ray tracing is disabled. Reason: r.RayTracing=0.
[2022.06.17-04.04.30:034][  0]LogShaderCompilers: Guid format shader working directory is -14 characters bigger than the processId version (../../../../../../Users/KAIA_007/Desktop/작은프로젝트/TeddyB_Project/Intermediate/Shaders/WorkingDirectory/22840/).
[2022.06.17-04.04.30:034][  0]LogShaderCompilers: Cleaned the shader compiler working directory 'C:/Users/KAIA_007/AppData/Local/Temp/UnrealShaderWorkingDir/DAB7E179456B45E00F5A39994C135DB2/'.
[2022.06.17-04.04.30:034][  0]LogXGEController: Cannot use XGE Controller as Incredibuild is not installed on this machine.
[2022.06.17-04.04.30:034][  0]LogShaderCompilers: Cannot use XGE Shader Compiler as Incredibuild is not installed on this machine.
[2022.06.17-04.04.30:034][  0]LogShaderCompilers: Display: Using Local Shader Compiler.
[2022.06.17-04.04.30:588][  0]LogDerivedDataCache: Display: Max Cache Size: 512 MB
[2022.06.17-04.04.30:629][  0]LogDerivedDataCache: Loaded boot cache 0.04s 94MB C:/Users/KAIA_007/AppData/Local/UnrealEngine/4.27/DerivedDataCache/Boot.ddc.
[2022.06.17-04.04.30:629][  0]LogDerivedDataCache: Display: Loaded Boot cache: C:/Users/KAIA_007/AppData/Local/UnrealEngine/4.27/DerivedDataCache/Boot.ddc
[2022.06.17-04.04.30:629][  0]LogDerivedDataCache: FDerivedDataBackendGraph:  Pak pak cache file ../../../../../../Users/KAIA_007/Desktop/작은프로젝트/TeddyB_Project/DerivedDataCache/DDC.ddp not found, will not use a pak cache.
[2022.06.17-04.04.30:630][  0]LogDerivedDataCache: Unable to find inner node Pak for hierarchical cache Hierarchy.
[2022.06.17-04.04.30:630][  0]LogDerivedDataCache: FDerivedDataBackendGraph:  CompressedPak pak cache file ../../../../../../Users/KAIA_007/Desktop/작은프로젝트/TeddyB_Project/DerivedDataCache/Compressed.ddp not found, will not use a pak cache.
[2022.06.17-04.04.30:630][  0]LogDerivedDataCache: Unable to find inner node CompressedPak for hierarchical cache Hierarchy.
[2022.06.17-04.04.30:641][  0]LogDerivedDataCache: Display: Pak cache opened for reading ../../../Engine/DerivedDataCache/Compressed.ddp.
[2022.06.17-04.04.30:641][  0]LogDerivedDataCache: FDerivedDataBackendGraph:  EnterprisePak pak cache file ../../../Enterprise/DerivedDataCache/Compressed.ddp not found, will not use a pak cache.
[2022.06.17-04.04.30:641][  0]LogDerivedDataCache: Unable to find inner node EnterprisePak for hierarchical cache Hierarchy.
[2022.06.17-04.04.30:656][  0]LogDerivedDataCache: Speed tests for C:/Users/KAIA_007/AppData/Local/UnrealEngine/Common/DerivedDataCache took 0.01 seconds
[2022.06.17-04.04.30:656][  0]LogDerivedDataCache: Display: Performance to C:/Users/KAIA_007/AppData/Local/UnrealEngine/Common/DerivedDataCache: Latency=0.02ms. RandomReadSpeed=109.16MBs, RandomWriteSpeed=155.87MBs. Assigned SpeedClass 'Local'
[2022.06.17-04.04.30:657][  0]LogDerivedDataCache: Using Local data cache path C:/Users/KAIA_007/AppData/Local/UnrealEngine/Common/DerivedDataCache: Writable
[2022.06.17-04.04.30:657][  0]LogDerivedDataCache: Shared data cache path not found in *engine.ini, will not use an Shared cache.
[2022.06.17-04.04.30:657][  0]LogDerivedDataCache: Unable to find inner node Shared for hierarchical cache Hierarchy.
[2022.06.17-04.04.30:690][  0]LogSlate: Using FreeType 2.10.0
[2022.06.17-04.04.30:690][  0]LogSlate: SlateFontServices - WITH_FREETYPE: 1, WITH_HARFBUZZ: 1
[2022.06.17-04.04.30:710][  0]LogAssetRegistry: FAssetRegistry took 0.0025 seconds to start up
[2022.06.17-04.04.30:868][  0]LogInit: Selected Device Profile: [Windows]
[2022.06.17-04.04.30:868][  0]LogInit: Active device profile: [0000022F5AC64700][0000022F50D29B40 49] Windows
[2022.06.17-04.04.30:868][  0]LogInit: Profiles: [0000022F5AC64700][0000022F50D29B40 49] Windows, [0000022F5AC43700][0000022F59CE0140 49] WindowsNoEditor, [0000022F5AC67300][0000022F59CE42C0 49] WindowsServer, [0000022F5AC40F00][0000022F59CE8440 49] WindowsClient, [0000022F5AC67500][0000022F59CEC5C0 49] IOS, [0000022F5AC33F00][0000022F59CF0740 49] iPadAir, [0000022F5AC43B00][0000022F50D2C880 49] iPadAir2, [0000022F5ABF8500][0000022F59CF8AC0 49] IPadPro, [0000022F5ABF8600][0000022F59CF4B00 49] iPadAir3, [0000022F5AC30100][0000022F50BD0C80 49] iPadAir4, [0000022F5ABFAC00][0000022F50BD4E00 49] iPadMini2, [0000022F5AC32500][0000022F50BD8F80 49] iPadMini3, [0000022F5ABFB400][0000022F50BDD100 49] iPadMini4, [0000022F5AC30F00][0000022F50BE1280 49] iPadMini5, [0000022F5ABF3E00][0000022F50BE9540 49] iPhone6, [0000022F5ABF3F00][0000022F50BE5580 49] iPodTouch6, [0000022F5AC67900][0000022F50BF1840 49] iPhone7, [0000022F5AC66100][0000022F50BED880 49] iPodTouch7, [0000022F5ABF0400][0000022F50BF5A00 49] iPhone5S, [0000022F5ABFBD00][0000022F50BF9B80 49] iPhone6Plus, [0000022F5AC67400][0000022F50BFC180 49] iPhone6S, [0000022F5ABFA000][0000022F50C00300 49] iPhone6SPlus, [0000022F5AC64900][0000022F50C04480 49] iPhone7Plus, [0000022F5ABF8E00][0000022F59900600 49] iPhoneSE, [0000022F5AC64200][0000022F59904780 49] iPhone8, [0000022F5ABFA400][0000022F59908900 49] iPhone8Plus, [0000022F5AC65E00][0000022F59CFCA40 49] iPhoneX, [0000022F5ABFBE00][0000022F5990CB80 49] iPhoneXS, [0000022F5AC65600][0000022F59910CC0 49] iPhoneXSMax, [0000022F5ABFA500][0000022F59918E40 49] iPhoneXR, [0000022F5AC66A00][0000022F5991CFC0 49] iPhone11, [0000022F5ABFBA00][0000022F59921140 49] iPhone11Pro, [0000022F5AC64F00][0000022F599252C0 49] iPhone11ProMax, [0000022F5ABFA300][0000022F59929440 49] iPhoneSE2, [0000022F5AC66700][0000022F50CF75C0 49] iPhone12Mini, [0000022F5ABF8700][0000022F59931740 49] iPhone12, [0000022F5AC67100][0000022F5993D8C0 49] iPhone12Pro, [0000022F5ABFB500][0000022F59945A40 49] iPhone12ProMax, [0000022F5AC64800][0000022F4FD59BC0 49] iPadPro105, [0000022F5ABF9C00][0000022F4FD5C1C0 49] iPadPro129, [0000022F5AC64300][0000022F4FD64340 49] iPadPro97, [0000022F5ABF9D00][0000022F4FD704C0 49] iPadPro2_129, [0000022F5AC64C00][0000022F5AECC640 49] iPad5, [0000022F5ABFB000][0000022F577D27C0 49] iPad6, [0000022F5AC66C00][0000022F577D6940 49] iPad7, [0000022F5ABFAE00][0000022F577DAAC0 49] iPad8, [0000022F5AC65800][0000022F59914C00 49] iPadPro11, [0000022F5ABF9B00][0000022F577E2D40 49] iPadPro2_11, [0000022F5AC65500][0000022F577EEE80 49] iPadPro3_129, [0000022F5ABFA700][0000022F577F2FC0 49] iPadPro4_129, [0000022F5AC64100][0000022F577FB140 49] AppleTV, [0000022F5ABFAB00][0000022F577FF2C0 49] AppleTV4K, [0000022F5AC65B00][0000022F5AE0D440 49] TVOS, [0000022F5ABF8900][0000022F5780F5C0 49] Mac, [0000022F5AC65700][0000022F57823740 49] MacClient, [0000022F5ABFAF00][0000022F577CD8C0 49] MacNoEditor, [0000022F5AC64D00][0000022F5AE4BA40 49] MacServer, [0000022F5ABF8300][0000022F5AE9FBC0 49] Linux, [0000022F5AC66E00][0000022F5AEA21C0 49] LinuxAArch64, [0000022F5ABF9500][0000022F5AEA6340 49] LinuxNoEditor, [0000022F5AC66400][0000022F5B0EA4C0 49] LinuxAArch64NoEditor, [0000022F5ABF8200][0000022F5B0EE640 49] LinuxClient, [0000022F5AC66D00][0000022F5B0F27C0 49] LinuxAArch64Client, [0000022F5ABF8C00][0000022F5B0F6940 49] LinuxServer, [0000022F5AC64400][0000022F5B0FAAC0 49] LinuxAArch64Server, [0000022F5ABF9000][0000022F5B0FEC40 49] Android, [0000022F5AC33900][0000022F577F6D80 49] Android_Low, [0000022F5ABF1B00][0000022F5B102EC0 49] Android_Mid, [0000022F5AC33000][0000022F5B10B000 49] Android_High, [0000022F5ABF2300][0000022F5B023140 49] Android_Default, [0000022F5AC32000][0000022F5B0372C0 49] Android_Adreno4xx, [0000022F5ABF0100][0000022F5B03B440 49] Android_Adreno5xx_Low, [0000022F5AC30B00][0000022F5B03F5C0 49] Android_Adreno5xx, [0000022F5ABF1800][0000022F5B25F740 49] Android_Adreno6xx, [0000022F5AC31100][0000022F5B26F8C0 49] Android_Adreno6xx_Vulkan, [0000022F5ABF0800][0000022F5B27DA40 49] Android_Mali_T6xx, [0000022F5AC33600][0000022F5B281BC0 49] Android_Mali_T7xx, [0000022F5ABF0D00][0000022F5B2841C0 49] Android_Mali_T8xx, [0000022F5AC33C00][0000022F5B288340 49] Android_Mali_G71, [0000022F5ABF1500][0000022F5B28C4C0 49] Android_Mali_G72, [0000022F5AC33E00][0000022F5B290640 49] Android_Mali_G72_Vulkan, [0000022F5ABF3D00][0000022F5B2947C0 49] Android_Mali_G76, [0000022F5AC33A00][0000022F5B298940 49] Android_Mali_G76_Vulkan, [0000022F5ABF3600][0000022F5B29CAC0 49] Android_Mali_G77, [0000022F5AC32200][0000022F5B2A0C40 49] Android_Mali_G77_Vulkan, [0000022F5ABF1200][0000022F5B2C0DC0 49] Android_Mali_G78, [0000022F5AC30A00][0000022F5B2C4F40 49] Android_Mali_G78_Vulkan, [0000022F5ABF3000][0000022F5B033080 49] Android_Mali_G710, [0000022F5AC31400][0000022F5B51D1C0 49] Android_Mali_G710_Vulkan, [0000022F5ABF0700][0000022F5AE8B300 49] Android_Vulkan_SM5, [0000022F5AC31800][0000022F5AE93480 49] Android_PowerVR_G6xxx, [0000022F5ABF0E00][0000022F5AE9B600 49] Android_PowerVR_GT7xxx, [0000022F5AC30200][0000022F5B0B9780 49] Android_PowerVR_GE8xxx, [0000022F5ABF0600][0000022F5B0BD900 49] Android_PowerVR_GM9xxx, [0000022F5AC32600][0000022F5B0C1A80 49] Android_PowerVR_GM9xxx_Vulkan, [0000022F5ABF8F00][0000022F5B0C5C00 49] Android_TegraK1, [0000022F5AC32A00][0000022F5B0C8200 49] Android_Unknown_Vulkan, [0000022F5ABF8D00][0000022F5B0D0380 49] Lumin, [0000022F5AC31200][0000022F5B0D4500 49] Lumin_Desktop, [0000022F5ABF8B00][0000022F5B0D8680 49] HoloLens, 
[2022.06.17-04.04.30:968][  0]LogMeshReduction: Using QuadricMeshReduction for automatic static mesh reduction
[2022.06.17-04.04.30:968][  0]LogMeshReduction: Using SimplygonMeshReduction for automatic skeletal mesh reduction
[2022.06.17-04.04.30:968][  0]LogMeshReduction: Using ProxyLODMeshReduction for automatic mesh merging
[2022.06.17-04.04.30:968][  0]LogMeshReduction: No distributed automatic mesh merging module available
[2022.06.17-04.04.30:968][  0]LogMeshMerging: No distributed automatic mesh merging module available
[2022.06.17-04.04.30:981][  0]LogNetVersion: TeddyB_Project 1.0.0, NetCL: 17155196, EngineNetVer: 17, GameNetVer: 0 (Checksum: 3578920580)
[2022.06.17-04.04.31:270][  0]LogTexture: Default maximum texture size for cubemaps generated from long-lat sources has been changed from 512 to unlimited. In order to preserve old behaiour for '/Engine/MapTemplates/Sky/DaylightAmbientCubemap.DaylightAmbientCubemap', its maximum texture size has been explicitly set to 512.
[2022.06.17-04.04.31:312][  0]LogHMD: PokeAHoleMaterial loaded successfully
[2022.06.17-04.04.31:316][  0]LogUObjectArray: 17178 objects as part of root set at end of initial load.
[2022.06.17-04.04.31:316][  0]LogUObjectAllocator: 4302048 out of 0 bytes used by permanent object pool.
[2022.06.17-04.04.31:316][  0]LogUObjectArray: CloseDisregardForGC: 0/0 objects in disregard for GC pool
[2022.06.17-04.04.31:448][  0]LogPython: Using Python 3.7.7
[2022.06.17-04.04.31:956][  0]LogNiagaraDebuggerClient: Niagara Debugger Client Initialized | Session: 9B8BD82D453C7752A02B80BE5934C6C6 | Instance: 064959EF4B62A87EFAC6C2AE34C192A1 (DESKTOP-MVBLIKP-22840).
[2022.06.17-04.04.32:004][  0]LogTcpMessaging: Initializing TcpMessaging bridge
[2022.06.17-04.04.32:008][  0]LogUdpMessaging: Initializing bridge on interface 0.0.0.0:0 to multicast group 230.0.0.1:6666.
[2022.06.17-04.04.32:154][  0]SourceControl: 소스 컨트롤이 꺼졌습니다.
[2022.06.17-04.04.32:154][  0]SourceControl: 소스 컨트롤이 꺼졌습니다.
[2022.06.17-04.04.32:160][  0]SourceControl: 소스 컨트롤이 꺼졌습니다.
[2022.06.17-04.04.32:165][  0]SourceControl: 소스 컨트롤이 꺼졌습니다.
[2022.06.17-04.04.32:168][  0]SourceControl: 소스 컨트롤이 꺼졌습니다.
[2022.06.17-04.04.32:176][  0]LogUProjectInfo: Found projects:
[2022.06.17-04.04.32:298][  0]LogOpenImageDenoise: OIDN starting up
[2022.06.17-04.04.32:409][  0]LogAndroidPermission: UAndroidPermissionCallbackProxy::GetInstance
[2022.06.17-04.04.32:424][  0]LogAudioCaptureCore: Display: No Audio Capture implementations found. Audio input will be silent.
[2022.06.17-04.04.32:424][  0]LogAudioCaptureCore: Display: No Audio Capture implementations found. Audio input will be silent.
[2022.06.17-04.04.32:517][  0]LogCollectionManager: Loaded 0 collections in 0.001094 seconds
[2022.06.17-04.04.32:540][  0]LogFileCache: Scanning file cache for directory 'C:/Users/KAIA_007/Desktop/작은프로젝트/TeddyB_Project/Saved/Collections/' took 0.00s
[2022.06.17-04.04.32:540][  0]LogFileCache: Scanning file cache for directory 'C:/Users/KAIA_007/Desktop/작은프로젝트/TeddyB_Project/Content/Developers/KAIA007/Collections/' took 0.00s
[2022.06.17-04.04.32:540][  0]LogFileCache: Scanning file cache for directory 'C:/Users/KAIA_007/Desktop/작은프로젝트/TeddyB_Project/Content/Collections/' took 0.00s
[2022.06.17-04.04.32:540][  0]LogOcInput: OculusInput pre-init called
[2022.06.17-04.04.32:959][  0]LogClass: Display: Int8Property FMTSJson::version is not initialized properly. Module:MegascansPlugin File:Private/Utilities/MTSReader.h
[2022.06.17-04.04.32:959][  0]LogClass: Display: Int16Property FMTSJson::resolutionValue is not initialized properly. Module:MegascansPlugin File:Private/Utilities/MTSReader.h
[2022.06.17-04.04.32:959][  0]LogClass: Display: BoolProperty FMTSJson::isExternal is not initialized properly. Module:MegascansPlugin File:Private/Utilities/MTSReader.h
[2022.06.17-04.04.32:959][  0]LogClass: Display: Int8Property FMTSJson::meshVersion is not initialized properly. Module:MegascansPlugin File:Private/Utilities/MTSReader.h
[2022.06.17-04.04.32:959][  0]LogClass: Display: BoolProperty FMTSJson::isCustom is not initialized properly. Module:MegascansPlugin File:Private/Utilities/MTSReader.h
[2022.06.17-04.04.32:959][  0]LogClass: Display: BoolProperty FMTSJson::isModularAsset is not initialized properly. Module:MegascansPlugin File:Private/Utilities/MTSReader.h
[2022.06.17-04.04.32:959][  0]LogClass: Display: Int8Property FLodList::variation is not initialized properly. Module:MegascansPlugin File:Private/Utilities/MTSReader.h
[2022.06.17-04.04.32:959][  0]LogClass: Display: Int16Property FMeshList::resolution is not initialized properly. Module:MegascansPlugin File:Private/Utilities/MTSReader.h
[2022.06.17-04.04.32:959][  0]LogClass: Display: Int16Property FComponents::resolution is not initialized properly. Module:MegascansPlugin File:Private/Utilities/MTSReader.h
[2022.06.17-04.04.32:959][  0]LogClass: Display: BoolProperty FTextureSets::isUdim is not initialized properly. Module:MegascansPlugin File:Private/Utilities/MTSReader.h
[2022.06.17-04.04.32:959][  0]LogClass: Display: BoolProperty FMeta::value is not initialized properly. Module:MegascansPlugin File:Private/Utilities/MTSReader.h
[2022.06.17-04.04.32:960][  0]LogClass: Display: 11 Uninitialized script struct members found including 0 object properties
[2022.06.17-04.04.32:961][  0]LogEngine: Initializing Engine...
[2022.06.17-04.04.32:962][  0]LogHMD: Failed to enumerate extensions. Please check that you have a valid OpenXR runtime installed.
[2022.06.17-04.04.32:963][  0]LogHMD: Failed to initialize OpenVR with code 110
[2022.06.17-04.04.32:963][  0]LogMagicLeap: Warning: VR disabled because ZI is not enabled.  To enable, in the editor, Edit -> Project Settings -> Plugins -> Magic Leap Plugin -> Enable Zero Iteration
[2022.06.17-04.04.32:963][  0]LogStats: UGameplayTagsManager::InitializeManager -  0.000 s
[2022.06.17-04.04.33:049][  0]LogInit: Initializing FReadOnlyCVARCache
[2022.06.17-04.04.33:055][  0]LogAIModule: Creating AISystem for world Untitled
[2022.06.17-04.04.33:061][  0]LogAudio: Display: Initializing Audio Device Manager...
[2022.06.17-04.04.33:064][  0]LogAudio: Display: Loading Default Audio Settings Objects...
[2022.06.17-04.04.33:065][  0]LogAudio: Display: No default SoundConcurrencyObject specified (or failed to load).
[2022.06.17-04.04.33:065][  0]LogAudio: Display: Audio Device Manager Initialized
[2022.06.17-04.04.33:065][  0]LogAudio: Display: Creating Audio Device:                 Id: 1, Scope: Shared, Realtime: True
[2022.06.17-04.04.33:065][  0]LogAudioMixer: Display: Audio Mixer Platform Settings:
[2022.06.17-04.04.33:065][  0]LogAudioMixer: Display: 	Sample Rate:						  48000
[2022.06.17-04.04.33:065][  0]LogAudioMixer: Display: 	Callback Buffer Frame Size Requested: 1024
[2022.06.17-04.04.33:065][  0]LogAudioMixer: Display: 	Callback Buffer Frame Size To Use:	  1024
[2022.06.17-04.04.33:065][  0]LogAudioMixer: Display: 	Number of buffers to queue:			  2
[2022.06.17-04.04.33:065][  0]LogAudioMixer: Display: 	Max Channels (voices):				  32
[2022.06.17-04.04.33:065][  0]LogAudioMixer: Display: 	Number of Async Source Workers:		  0
[2022.06.17-04.04.33:065][  0]LogAudio: Display: AudioDevice MaxSources: 32
[2022.06.17-04.04.33:065][  0]LogAudio: Display: Audio Spatialization Plugin: None (built-in).
[2022.06.17-04.04.33:065][  0]LogAudio: Display: Audio Reverb Plugin: None (built-in).
[2022.06.17-04.04.33:065][  0]LogAudio: Display: Audio Occlusion Plugin: None (built-in).
[2022.06.17-04.04.33:065][  0]LogAudioMixer: Display: Initializing audio mixer.
[2022.06.17-04.04.33:074][  0]LogAudioMixer: Display: 0: FrontLeft
[2022.06.17-04.04.33:074][  0]LogAudioMixer: Display: 1: FrontRight
[2022.06.17-04.04.33:084][  0]LogAudioMixer: Display: Using Audio Device 헤드폰(AirPods)
[2022.06.17-04.04.33:084][  0]LogAudioMixer: Display: Initializing Sound Submixes...
[2022.06.17-04.04.33:085][  0]LogAudioMixer: Display: Creating Master Submix 'MasterSubmixDefault'
[2022.06.17-04.04.33:085][  0]LogAudioMixer: Display: Creating Master Submix 'MasterReverbSubmixDefault'
[2022.06.17-04.04.33:086][  0]LogAudioMixer: Display: Creating Master Submix 'MasterEQSubmixDefault'
[2022.06.17-04.04.33:086][  0]LogAudioMixer: FMixerPlatformXAudio2::StartAudioStream() called
[2022.06.17-04.04.33:086][  0]LogAudioMixer: Display: Output buffers initialized: Frames=1024, Channels=2, Samples=2048
[2022.06.17-04.04.33:087][  0]LogAudioMixer: Display: Starting AudioMixerPlatformInterface::RunInternal()
[2022.06.17-04.04.33:087][  0]LogAudioMixer: Display: FMixerPlatformXAudio2::SubmitBuffer() called for the first time
[2022.06.17-04.04.33:087][  0]LogInit: FAudioDevice initialized.
[2022.06.17-04.04.33:087][  0]LogAudio: Display: Audio Device (ID: 1) registered with world 'Untitled'.
[2022.06.17-04.04.33:087][  0]LogNetVersion: Set ProjectVersion to 1.0.0.0. Version Checksum will be recalculated on next use.
[2022.06.17-04.04.33:135][  0]LogDerivedDataCache: Saved boot cache 0.05s 94MB C:/Users/KAIA_007/AppData/Local/UnrealEngine/4.27/DerivedDataCache/Boot.ddc.
[2022.06.17-04.04.33:135][  0]LogInit: Texture streaming: Enabled
[2022.06.17-04.04.33:146][  0]LogAnalytics: Display: [UEEditor.Rocket.Release] APIServer = https://datarouter.ol.epicgames.com/. AppVersion = 4.27.2-18319896+++UE4+Release-4.27
[2022.06.17-04.04.33:149][  0]LogEngineSessionManager: EngineSessionManager initialized
[2022.06.17-04.04.33:149][  0]LogEditorSessionSummary: Verbose: Initializing EditorSessionSummaryWriter for editor session tracking
[2022.06.17-04.04.33:152][  0]LogEditorSessionSummary: EditorSessionSummaryWriter initialized
[2022.06.17-04.04.33:174][  0]LogInit: Transaction tracking system initialized
[2022.06.17-04.04.33:192][  0]BlueprintLog: New page: 에디터 로드
[2022.06.17-04.04.33:299][  0]LocalizationService: 현지화 서비스가 비활성화되었습니다.
[2022.06.17-04.04.33:317][  0]TimingProfiler: Initialize
[2022.06.17-04.04.33:317][  0]TimingProfiler: OnSessionChanged
[2022.06.17-04.04.33:317][  0]LoadingProfiler: Initialize
[2022.06.17-04.04.33:317][  0]LoadingProfiler: OnSessionChanged
[2022.06.17-04.04.33:317][  0]NetworkingProfiler: Initialize
[2022.06.17-04.04.33:317][  0]NetworkingProfiler: OnSessionChanged
[2022.06.17-04.04.33:317][  0]MemoryProfiler: Initialize
[2022.06.17-04.04.33:317][  0]MemoryProfiler: OnSessionChanged
[2022.06.17-04.04.33:673][  0]LogCook: Display: CookSettings for Memory: MemoryMaxUsedVirtual 0MiB, MemoryMaxUsedPhysical 16384MiB, MemoryMinFreeVirtual 0MiB, MemoryMinFreePhysical 1024MiB
[2022.06.17-04.04.33:674][  0]LogCook: Display: Mobile HDR setting 1
[2022.06.17-04.04.33:830][  0]LogFileCache: Scanning file cache for directory 'C:/Users/KAIA_007/Desktop/작은프로젝트/TeddyB_Project/Content/' took 0.00s
[2022.06.17-04.04.33:994][  0]LogInit: Display: Engine is initialized. Leaving FEngineLoop::Init()
[2022.06.17-04.04.33:996][  0]SourceControl: 소스 컨트롤이 꺼졌습니다.
[2022.06.17-04.04.33:996][  0]LogUnrealEdMisc: Loading editor; pre map load, took 5.963
[2022.06.17-04.04.33:996][  0]Cmd: MAP LOAD FILE="../../../../../../Users/KAIA_007/Desktop/작은프로젝트/TeddyB_Project/Content/ThirdPersonBP/Maps/ThirdPersonExampleMap.umap" TEMPLATE=0 SHOWPROGRESS=1 FEATURELEVEL=3
[2022.06.17-04.04.33:997][  0]LogEditorServer: Warning: Can't find file '../../../../../../Users/KAIA_007/Desktop/작은프로젝트/TeddyB_Project/Content/ThirdPersonBP/Maps/ThirdPersonExampleMap.umap'
[2022.06.17-04.04.33:997][  0]Cmd: MAP CHECKDEP NOCLEARLOG
[2022.06.17-04.04.33:997][  0]MapCheck: 맵 체크 완료: 오류 0 회, 경고 0 회, 소요 시간 0.095ms.
[2022.06.17-04.04.33:997][  0]LogFileHelpers: Loading map 'ThirdPersonExampleMap' took 0.000
[2022.06.17-04.04.33:998][  0]LogUnrealEdMisc: Total Editor Startup Time, took 5.965
[2022.06.17-04.04.34:116][  0]LogSlate: Updating window title bar state: overlay mode, drag disabled, window buttons hidden, title bar hidden
[2022.06.17-04.04.34:120][  0]LogSlate: Updating window title bar state: overlay mode, drag disabled, window buttons hidden, title bar hidden
[2022.06.17-04.04.34:124][  0]LogSlate: Updating window title bar state: overlay mode, drag disabled, window buttons hidden, title bar hidden
[2022.06.17-04.04.34:127][  0]LogSlate: Updating window title bar state: overlay mode, drag disabled, window buttons hidden, title bar hidden
[2022.06.17-04.04.34:137][  0]LogNativeClassHierarchy: Verbose: Native class hierarchy populated in 0.0062 seconds. Added 3833 classes and 935 folders.
[2022.06.17-04.04.34:138][  0]LogNativeClassHierarchy: Verbose: Native class hierarchy updated for 'WidgetCarousel' in 0.0002 seconds. Added 0 classes and 0 folders.
[2022.06.17-04.04.34:140][  0]LogPakFile: PakFile PrimaryIndexSize=187
[2022.06.17-04.04.34:140][  0]LogPakFile: PakFile PathHashIndexSize=101
[2022.06.17-04.04.34:140][  0]LogPakFile: PakFile FullDirectoryIndexSize=148
[2022.06.17-04.04.34:140][  0]LogShaderLibrary: Display: ShaderCodeLibraryPakFileMountedCallback: PakFile 'C:/Program Files/Epic Games/UE_4.27/FeaturePacks/FP_FirstPerson.upack' (chunk index -1, root 'root:/') mounted
[2022.06.17-04.04.34:140][  0]LogShaderLibrary: Display: ShaderCodeLibraryPakFileMountedCallback: pending pak file info (ChunkID:-1 Root:root:/ File:C:/Program Files/Epic Games/UE_4.27/FeaturePacks/FP_FirstPerson.upack)
[2022.06.17-04.04.34:140][  0]LogPakFile: OnPakFileMounted2Time == 0.000037
[2022.06.17-04.04.34:141][  0]LogPakFile: PakFile PrimaryIndexSize=189
[2022.06.17-04.04.34:141][  0]LogPakFile: PakFile PathHashIndexSize=101
[2022.06.17-04.04.34:141][  0]LogPakFile: PakFile FullDirectoryIndexSize=152
[2022.06.17-04.04.34:141][  0]LogShaderLibrary: Display: ShaderCodeLibraryPakFileMountedCallback: PakFile 'C:/Program Files/Epic Games/UE_4.27/FeaturePacks/FP_FirstPersonBP.upack' (chunk index -1, root 'root:/') mounted
[2022.06.17-04.04.34:141][  0]LogShaderLibrary: Display: ShaderCodeLibraryPakFileMountedCallback: pending pak file info (ChunkID:-1 Root:root:/ File:C:/Program Files/Epic Games/UE_4.27/FeaturePacks/FP_FirstPersonBP.upack)
[2022.06.17-04.04.34:141][  0]LogPakFile: OnPakFileMounted2Time == 0.000022
[2022.06.17-04.04.34:141][  0]LogPakFile: PakFile PrimaryIndexSize=191
[2022.06.17-04.04.34:141][  0]LogPakFile: PakFile PathHashIndexSize=101
[2022.06.17-04.04.34:141][  0]LogPakFile: PakFile FullDirectoryIndexSize=160
[2022.06.17-04.04.34:141][  0]LogShaderLibrary: Display: ShaderCodeLibraryPakFileMountedCallback: PakFile 'C:/Program Files/Epic Games/UE_4.27/FeaturePacks/MobileStarterContent.upack' (chunk index -1, root 'root:/') mounted
[2022.06.17-04.04.34:141][  0]LogShaderLibrary: Display: ShaderCodeLibraryPakFileMountedCallback: pending pak file info (ChunkID:-1 Root:root:/ File:C:/Program Files/Epic Games/UE_4.27/FeaturePacks/MobileStarterContent.upack)
[2022.06.17-04.04.34:141][  0]LogPakFile: OnPakFileMounted2Time == 0.000020
[2022.06.17-04.04.34:141][  0]LogPakFile: PakFile PrimaryIndexSize=185
[2022.06.17-04.04.34:141][  0]LogPakFile: PakFile PathHashIndexSize=101
[2022.06.17-04.04.34:141][  0]LogPakFile: PakFile FullDirectoryIndexSize=148
[2022.06.17-04.04.34:142][  0]LogShaderLibrary: Display: ShaderCodeLibraryPakFileMountedCallback: PakFile 'C:/Program Files/Epic Games/UE_4.27/FeaturePacks/StarterContent.upack' (chunk index -1, root 'root:/') mounted
[2022.06.17-04.04.34:142][  0]LogShaderLibrary: Display: ShaderCodeLibraryPakFileMountedCallback: pending pak file info (ChunkID:-1 Root:root:/ File:C:/Program Files/Epic Games/UE_4.27/FeaturePacks/StarterContent.upack)
[2022.06.17-04.04.34:142][  0]LogPakFile: OnPakFileMounted2Time == 0.000055
[2022.06.17-04.04.34:142][  0]LogPakFile: PakFile PrimaryIndexSize=190
[2022.06.17-04.04.34:142][  0]LogPakFile: PakFile PathHashIndexSize=101
[2022.06.17-04.04.34:142][  0]LogPakFile: PakFile FullDirectoryIndexSize=154
[2022.06.17-04.04.34:142][  0]LogShaderLibrary: Display: ShaderCodeLibraryPakFileMountedCallback: PakFile 'C:/Program Files/Epic Games/UE_4.27/FeaturePacks/TP_2DSideScroller.upack' (chunk index -1, root 'root:/') mounted
[2022.06.17-04.04.34:142][  0]LogShaderLibrary: Display: ShaderCodeLibraryPakFileMountedCallback: pending pak file info (ChunkID:-1 Root:root:/ File:C:/Program Files/Epic Games/UE_4.27/FeaturePacks/TP_2DSideScroller.upack)
[2022.06.17-04.04.34:142][  0]LogPakFile: OnPakFileMounted2Time == 0.000021
[2022.06.17-04.04.34:142][  0]LogPakFile: PakFile PrimaryIndexSize=192
[2022.06.17-04.04.34:142][  0]LogPakFile: PakFile PathHashIndexSize=101
[2022.06.17-04.04.34:142][  0]LogPakFile: PakFile FullDirectoryIndexSize=158
[2022.06.17-04.04.34:142][  0]LogShaderLibrary: Display: ShaderCodeLibraryPakFileMountedCallback: PakFile 'C:/Program Files/Epic Games/UE_4.27/FeaturePacks/TP_2DSideScrollerBP.upack' (chunk index -1, root 'root:/') mounted
[2022.06.17-04.04.34:142][  0]LogShaderLibrary: Display: ShaderCodeLibraryPakFileMountedCallback: pending pak file info (ChunkID:-1 Root:root:/ File:C:/Program Files/Epic Games/UE_4.27/FeaturePacks/TP_2DSideScrollerBP.upack)
[2022.06.17-04.04.34:142][  0]LogPakFile: OnPakFileMounted2Time == 0.000021
[2022.06.17-04.04.34:143][  0]LogPakFile: PakFile PrimaryIndexSize=182
[2022.06.17-04.04.34:143][  0]LogPakFile: PakFile PathHashIndexSize=101
[2022.06.17-04.04.34:143][  0]LogPakFile: PakFile FullDirectoryIndexSize=138
[2022.06.17-04.04.34:143][  0]LogShaderLibrary: Display: ShaderCodeLibraryPakFileMountedCallback: PakFile 'C:/Program Files/Epic Games/UE_4.27/FeaturePacks/TP_Flying.upack' (chunk index -1, root 'root:/') mounted
[2022.06.17-04.04.34:143][  0]LogShaderLibrary: Display: ShaderCodeLibraryPakFileMountedCallback: pending pak file info (ChunkID:-1 Root:root:/ File:C:/Program Files/Epic Games/UE_4.27/FeaturePacks/TP_Flying.upack)
[2022.06.17-04.04.34:143][  0]LogPakFile: OnPakFileMounted2Time == 0.000019
[2022.06.17-04.04.34:143][  0]LogPakFile: PakFile PrimaryIndexSize=184
[2022.06.17-04.04.34:143][  0]LogPakFile: PakFile PathHashIndexSize=101
[2022.06.17-04.04.34:143][  0]LogPakFile: PakFile FullDirectoryIndexSize=142
[2022.06.17-04.04.34:143][  0]LogShaderLibrary: Display: ShaderCodeLibraryPakFileMountedCallback: PakFile 'C:/Program Files/Epic Games/UE_4.27/FeaturePacks/TP_FlyingBP.upack' (chunk index -1, root 'root:/') mounted
[2022.06.17-04.04.34:143][  0]LogShaderLibrary: Display: ShaderCodeLibraryPakFileMountedCallback: pending pak file info (ChunkID:-1 Root:root:/ File:C:/Program Files/Epic Games/UE_4.27/FeaturePacks/TP_FlyingBP.upack)
[2022.06.17-04.04.34:143][  0]LogPakFile: OnPakFileMounted2Time == 0.000019
[2022.06.17-04.04.34:143][  0]LogPakFile: PakFile PrimaryIndexSize=188
[2022.06.17-04.04.34:143][  0]LogPakFile: PakFile PathHashIndexSize=101
[2022.06.17-04.04.34:143][  0]LogPakFile: PakFile FullDirectoryIndexSize=150
[2022.06.17-04.04.34:143][  0]LogShaderLibrary: Display: ShaderCodeLibraryPakFileMountedCallback: PakFile 'C:/Program Files/Epic Games/UE_4.27/FeaturePacks/TP_HandheldARBP.upack' (chunk index -1, root 'root:/') mounted
[2022.06.17-04.04.34:143][  0]LogShaderLibrary: Display: ShaderCodeLibraryPakFileMountedCallback: pending pak file info (ChunkID:-1 Root:root:/ File:C:/Program Files/Epic Games/UE_4.27/FeaturePacks/TP_HandheldARBP.upack)
[2022.06.17-04.04.34:143][  0]LogPakFile: OnPakFileMounted2Time == 0.000020
[2022.06.17-04.04.34:144][  0]LogPakFile: PakFile PrimaryIndexSize=182
[2022.06.17-04.04.34:144][  0]LogPakFile: PakFile PathHashIndexSize=101
[2022.06.17-04.04.34:144][  0]LogPakFile: PakFile FullDirectoryIndexSize=138
[2022.06.17-04.04.34:144][  0]LogShaderLibrary: Display: ShaderCodeLibraryPakFileMountedCallback: PakFile 'C:/Program Files/Epic Games/UE_4.27/FeaturePacks/TP_Puzzle.upack' (chunk index -1, root 'root:/') mounted
[2022.06.17-04.04.34:144][  0]LogShaderLibrary: Display: ShaderCodeLibraryPakFileMountedCallback: pending pak file info (ChunkID:-1 Root:root:/ File:C:/Program Files/Epic Games/UE_4.27/FeaturePacks/TP_Puzzle.upack)
[2022.06.17-04.04.34:144][  0]LogPakFile: OnPakFileMounted2Time == 0.000023
[2022.06.17-04.04.34:144][  0]LogPakFile: PakFile PrimaryIndexSize=184
[2022.06.17-04.04.34:144][  0]LogPakFile: PakFile PathHashIndexSize=101
[2022.06.17-04.04.34:144][  0]LogPakFile: PakFile FullDirectoryIndexSize=142
[2022.06.17-04.04.34:144][  0]LogShaderLibrary: Display: ShaderCodeLibraryPakFileMountedCallback: PakFile 'C:/Program Files/Epic Games/UE_4.27/FeaturePacks/TP_PuzzleBP.upack' (chunk index -1, root 'root:/') mounted
[2022.06.17-04.04.34:144][  0]LogShaderLibrary: Display: ShaderCodeLibraryPakFileMountedCallback: pending pak file info (ChunkID:-1 Root:root:/ File:C:/Program Files/Epic Games/UE_4.27/FeaturePacks/TP_PuzzleBP.upack)
[2022.06.17-04.04.34:144][  0]LogPakFile: OnPakFileMounted2Time == 0.000019
[2022.06.17-04.04.34:145][  0]LogPakFile: PakFile PrimaryIndexSize=183
[2022.06.17-04.04.34:145][  0]LogPakFile: PakFile PathHashIndexSize=101
[2022.06.17-04.04.34:145][  0]LogPakFile: PakFile FullDirectoryIndexSize=140
[2022.06.17-04.04.34:145][  0]LogShaderLibrary: Display: ShaderCodeLibraryPakFileMountedCallback: PakFile 'C:/Program Files/Epic Games/UE_4.27/FeaturePacks/TP_Rolling.upack' (chunk index -1, root 'root:/') mounted
[2022.06.17-04.04.34:145][  0]LogShaderLibrary: Display: ShaderCodeLibraryPakFileMountedCallback: pending pak file info (ChunkID:-1 Root:root:/ File:C:/Program Files/Epic Games/UE_4.27/FeaturePacks/TP_Rolling.upack)
[2022.06.17-04.04.34:145][  0]LogPakFile: OnPakFileMounted2Time == 0.000019
[2022.06.17-04.04.34:145][  0]LogPakFile: PakFile PrimaryIndexSize=185
[2022.06.17-04.04.34:145][  0]LogPakFile: PakFile PathHashIndexSize=101
[2022.06.17-04.04.34:145][  0]LogPakFile: PakFile FullDirectoryIndexSize=144
[2022.06.17-04.04.34:145][  0]LogShaderLibrary: Display: ShaderCodeLibraryPakFileMountedCallback: PakFile 'C:/Program Files/Epic Games/UE_4.27/FeaturePacks/TP_RollingBP.upack' (chunk index -1, root 'root:/') mounted
[2022.06.17-04.04.34:145][  0]LogShaderLibrary: Display: ShaderCodeLibraryPakFileMountedCallback: pending pak file info (ChunkID:-1 Root:root:/ File:C:/Program Files/Epic Games/UE_4.27/FeaturePacks/TP_RollingBP.upack)
[2022.06.17-04.04.34:145][  0]LogPakFile: OnPakFileMounted2Time == 0.000023
[2022.06.17-04.04.34:145][  0]LogPakFile: PakFile PrimaryIndexSize=188
[2022.06.17-04.04.34:145][  0]LogPakFile: PakFile PathHashIndexSize=101
[2022.06.17-04.04.34:145][  0]LogPakFile: PakFile FullDirectoryIndexSize=150
[2022.06.17-04.04.34:145][  0]LogShaderLibrary: Display: ShaderCodeLibraryPakFileMountedCallback: PakFile 'C:/Program Files/Epic Games/UE_4.27/FeaturePacks/TP_SideScroller.upack' (chunk index -1, root 'root:/') mounted
[2022.06.17-04.04.34:145][  0]LogShaderLibrary: Display: ShaderCodeLibraryPakFileMountedCallback: pending pak file info (ChunkID:-1 Root:root:/ File:C:/Program Files/Epic Games/UE_4.27/FeaturePacks/TP_SideScroller.upack)
[2022.06.17-04.04.34:145][  0]LogPakFile: OnPakFileMounted2Time == 0.000029
[2022.06.17-04.04.34:146][  0]LogPakFile: PakFile PrimaryIndexSize=190
[2022.06.17-04.04.34:146][  0]LogPakFile: PakFile PathHashIndexSize=101
[2022.06.17-04.04.34:146][  0]LogPakFile: PakFile FullDirectoryIndexSize=154
[2022.06.17-04.04.34:146][  0]LogShaderLibrary: Display: ShaderCodeLibraryPakFileMountedCallback: PakFile 'C:/Program Files/Epic Games/UE_4.27/FeaturePacks/TP_SideScrollerBP.upack' (chunk index -1, root 'root:/') mounted
[2022.06.17-04.04.34:146][  0]LogShaderLibrary: Display: ShaderCodeLibraryPakFileMountedCallback: pending pak file info (ChunkID:-1 Root:root:/ File:C:/Program Files/Epic Games/UE_4.27/FeaturePacks/TP_SideScrollerBP.upack)
[2022.06.17-04.04.34:146][  0]LogPakFile: OnPakFileMounted2Time == 0.000021
[2022.06.17-04.04.34:146][  0]LogPakFile: PakFile PrimaryIndexSize=187
[2022.06.17-04.04.34:146][  0]LogPakFile: PakFile PathHashIndexSize=101
[2022.06.17-04.04.34:146][  0]LogPakFile: PakFile FullDirectoryIndexSize=148
[2022.06.17-04.04.34:146][  0]LogShaderLibrary: Display: ShaderCodeLibraryPakFileMountedCallback: PakFile 'C:/Program Files/Epic Games/UE_4.27/FeaturePacks/TP_ThirdPerson.upack' (chunk index -1, root 'root:/') mounted
[2022.06.17-04.04.34:146][  0]LogShaderLibrary: Display: ShaderCodeLibraryPakFileMountedCallback: pending pak file info (ChunkID:-1 Root:root:/ File:C:/Program Files/Epic Games/UE_4.27/FeaturePacks/TP_ThirdPerson.upack)
[2022.06.17-04.04.34:146][  0]LogPakFile: OnPakFileMounted2Time == 0.000021
[2022.06.17-04.04.34:146][  0]LogPakFile: PakFile PrimaryIndexSize=189
[2022.06.17-04.04.34:146][  0]LogPakFile: PakFile PathHashIndexSize=101
[2022.06.17-04.04.34:146][  0]LogPakFile: PakFile FullDirectoryIndexSize=152
[2022.06.17-04.04.34:146][  0]LogShaderLibrary: Display: ShaderCodeLibraryPakFileMountedCallback: PakFile 'C:/Program Files/Epic Games/UE_4.27/FeaturePacks/TP_ThirdPersonBP.upack' (chunk index -1, root 'root:/') mounted
[2022.06.17-04.04.34:146][  0]LogShaderLibrary: Display: ShaderCodeLibraryPakFileMountedCallback: pending pak file info (ChunkID:-1 Root:root:/ File:C:/Program Files/Epic Games/UE_4.27/FeaturePacks/TP_ThirdPersonBP.upack)
[2022.06.17-04.04.34:146][  0]LogPakFile: OnPakFileMounted2Time == 0.000021
[2022.06.17-04.04.34:147][  0]LogPakFile: PakFile PrimaryIndexSize=183
[2022.06.17-04.04.34:147][  0]LogPakFile: PakFile PathHashIndexSize=101
[2022.06.17-04.04.34:147][  0]LogPakFile: PakFile FullDirectoryIndexSize=140
[2022.06.17-04.04.34:147][  0]LogShaderLibrary: Display: ShaderCodeLibraryPakFileMountedCallback: PakFile 'C:/Program Files/Epic Games/UE_4.27/FeaturePacks/TP_TopDown.upack' (chunk index -1, root 'root:/') mounted
[2022.06.17-04.04.34:147][  0]LogShaderLibrary: Display: ShaderCodeLibraryPakFileMountedCallback: pending pak file info (ChunkID:-1 Root:root:/ File:C:/Program Files/Epic Games/UE_4.27/FeaturePacks/TP_TopDown.upack)
[2022.06.17-04.04.34:147][  0]LogPakFile: OnPakFileMounted2Time == 0.000024
[2022.06.17-04.04.34:147][  0]LogPakFile: PakFile PrimaryIndexSize=185
[2022.06.17-04.04.34:147][  0]LogPakFile: PakFile PathHashIndexSize=101
[2022.06.17-04.04.34:147][  0]LogPakFile: PakFile FullDirectoryIndexSize=144
[2022.06.17-04.04.34:147][  0]LogShaderLibrary: Display: ShaderCodeLibraryPakFileMountedCallback: PakFile 'C:/Program Files/Epic Games/UE_4.27/FeaturePacks/TP_TopDownBP.upack' (chunk index -1, root 'root:/') mounted
[2022.06.17-04.04.34:147][  0]LogShaderLibrary: Display: ShaderCodeLibraryPakFileMountedCallback: pending pak file info (ChunkID:-1 Root:root:/ File:C:/Program Files/Epic Games/UE_4.27/FeaturePacks/TP_TopDownBP.upack)
[2022.06.17-04.04.34:147][  0]LogPakFile: OnPakFileMounted2Time == 0.000034
[2022.06.17-04.04.34:147][  0]LogPakFile: PakFile PrimaryIndexSize=185
[2022.06.17-04.04.34:147][  0]LogPakFile: PakFile PathHashIndexSize=101
[2022.06.17-04.04.34:147][  0]LogPakFile: PakFile FullDirectoryIndexSize=144
[2022.06.17-04.04.34:147][  0]LogShaderLibrary: Display: ShaderCodeLibraryPakFileMountedCallback: PakFile 'C:/Program Files/Epic Games/UE_4.27/FeaturePacks/TP_TwinStick.upack' (chunk index -1, root 'root:/') mounted
[2022.06.17-04.04.34:147][  0]LogShaderLibrary: Display: ShaderCodeLibraryPakFileMountedCallback: pending pak file info (ChunkID:-1 Root:root:/ File:C:/Program Files/Epic Games/UE_4.27/FeaturePacks/TP_TwinStick.upack)
[2022.06.17-04.04.34:147][  0]LogPakFile: OnPakFileMounted2Time == 0.000019
[2022.06.17-04.04.34:148][  0]LogPakFile: PakFile PrimaryIndexSize=187
[2022.06.17-04.04.34:148][  0]LogPakFile: PakFile PathHashIndexSize=101
[2022.06.17-04.04.34:148][  0]LogPakFile: PakFile FullDirectoryIndexSize=148
[2022.06.17-04.04.34:148][  0]LogShaderLibrary: Display: ShaderCodeLibraryPakFileMountedCallback: PakFile 'C:/Program Files/Epic Games/UE_4.27/FeaturePacks/TP_TwinStickBP.upack' (chunk index -1, root 'root:/') mounted
[2022.06.17-04.04.34:148][  0]LogShaderLibrary: Display: ShaderCodeLibraryPakFileMountedCallback: pending pak file info (ChunkID:-1 Root:root:/ File:C:/Program Files/Epic Games/UE_4.27/FeaturePacks/TP_TwinStickBP.upack)
[2022.06.17-04.04.34:148][  0]LogPakFile: OnPakFileMounted2Time == 0.000020
[2022.06.17-04.04.34:148][  0]LogPakFile: PakFile PrimaryIndexSize=183
[2022.06.17-04.04.34:148][  0]LogPakFile: PakFile PathHashIndexSize=101
[2022.06.17-04.04.34:148][  0]LogPakFile: PakFile FullDirectoryIndexSize=140
[2022.06.17-04.04.34:148][  0]LogShaderLibrary: Display: ShaderCodeLibraryPakFileMountedCallback: PakFile 'C:/Program Files/Epic Games/UE_4.27/FeaturePacks/TP_Vehicle.upack' (chunk index -1, root 'root:/') mounted
[2022.06.17-04.04.34:148][  0]LogShaderLibrary: Display: ShaderCodeLibraryPakFileMountedCallback: pending pak file info (ChunkID:-1 Root:root:/ File:C:/Program Files/Epic Games/UE_4.27/FeaturePacks/TP_Vehicle.upack)
[2022.06.17-04.04.34:148][  0]LogPakFile: OnPakFileMounted2Time == 0.000023
[2022.06.17-04.04.34:148][  0]LogPakFile: PakFile PrimaryIndexSize=186
[2022.06.17-04.04.34:148][  0]LogPakFile: PakFile PathHashIndexSize=101
[2022.06.17-04.04.34:148][  0]LogPakFile: PakFile FullDirectoryIndexSize=146
[2022.06.17-04.04.34:148][  0]LogShaderLibrary: Display: ShaderCodeLibraryPakFileMountedCallback: PakFile 'C:/Program Files/Epic Games/UE_4.27/FeaturePacks/TP_VehicleAdv.upack' (chunk index -1, root 'root:/') mounted
[2022.06.17-04.04.34:148][  0]LogShaderLibrary: Display: ShaderCodeLibraryPakFileMountedCallback: pending pak file info (ChunkID:-1 Root:root:/ File:C:/Program Files/Epic Games/UE_4.27/FeaturePacks/TP_VehicleAdv.upack)
[2022.06.17-04.04.34:148][  0]LogPakFile: OnPakFileMounted2Time == 0.000021
[2022.06.17-04.04.34:149][  0]LogPakFile: PakFile PrimaryIndexSize=188
[2022.06.17-04.04.34:149][  0]LogPakFile: PakFile PathHashIndexSize=101
[2022.06.17-04.04.34:149][  0]LogPakFile: PakFile FullDirectoryIndexSize=150
[2022.06.17-04.04.34:149][  0]LogShaderLibrary: Display: ShaderCodeLibraryPakFileMountedCallback: PakFile 'C:/Program Files/Epic Games/UE_4.27/FeaturePacks/TP_VehicleAdvBP.upack' (chunk index -1, root 'root:/') mounted
[2022.06.17-04.04.34:149][  0]LogShaderLibrary: Display: ShaderCodeLibraryPakFileMountedCallback: pending pak file info (ChunkID:-1 Root:root:/ File:C:/Program Files/Epic Games/UE_4.27/FeaturePacks/TP_VehicleAdvBP.upack)
[2022.06.17-04.04.34:149][  0]LogPakFile: OnPakFileMounted2Time == 0.000019
[2022.06.17-04.04.34:149][  0]LogPakFile: PakFile PrimaryIndexSize=185
[2022.06.17-04.04.34:149][  0]LogPakFile: PakFile PathHashIndexSize=101
[2022.06.17-04.04.34:149][  0]LogPakFile: PakFile FullDirectoryIndexSize=144
[2022.06.17-04.04.34:149][  0]LogShaderLibrary: Display: ShaderCodeLibraryPakFileMountedCallback: PakFile 'C:/Program Files/Epic Games/UE_4.27/FeaturePacks/TP_VehicleBP.upack' (chunk index -1, root 'root:/') mounted
[2022.06.17-04.04.34:149][  0]LogShaderLibrary: Display: ShaderCodeLibraryPakFileMountedCallback: pending pak file info (ChunkID:-1 Root:root:/ File:C:/Program Files/Epic Games/UE_4.27/FeaturePacks/TP_VehicleBP.upack)
[2022.06.17-04.04.34:149][  0]LogPakFile: OnPakFileMounted2Time == 0.000020
[2022.06.17-04.04.34:149][  0]LogPakFile: PakFile PrimaryIndexSize=192
[2022.06.17-04.04.34:149][  0]LogPakFile: PakFile PathHashIndexSize=101
[2022.06.17-04.04.34:149][  0]LogPakFile: PakFile FullDirectoryIndexSize=158
[2022.06.17-04.04.34:149][  0]LogShaderLibrary: Display: ShaderCodeLibraryPakFileMountedCallback: PakFile 'C:/Program Files/Epic Games/UE_4.27/FeaturePacks/TP_VirtualRealityBP.upack' (chunk index -1, root 'root:/') mounted
[2022.06.17-04.04.34:149][  0]LogShaderLibrary: Display: ShaderCodeLibraryPakFileMountedCallback: pending pak file info (ChunkID:-1 Root:root:/ File:C:/Program Files/Epic Games/UE_4.27/FeaturePacks/TP_VirtualRealityBP.upack)
[2022.06.17-04.04.34:149][  0]LogPakFile: OnPakFileMounted2Time == 0.000020
[2022.06.17-04.04.34:189][  0]LogNativeClassHierarchy: Verbose: Native class hierarchy updated for 'AddContentDialog' in 0.0002 seconds. Added 0 classes and 0 folders.
[2022.06.17-04.04.34:189][  0]LogNativeClassHierarchy: Verbose: Native class hierarchy updated for 'SceneOutliner' in 0.0001 seconds. Added 2 classes and 0 folders.
[2022.06.17-04.04.34:226][  0]LogSlate: Took 0.000166 seconds to synchronously load lazily loaded font '../../../Engine/Content/Slate/Fonts/Roboto-Regular.ttf' (155K)
[2022.06.17-04.04.34:228][  0]LogSlate: Took 0.001313 seconds to synchronously load lazily loaded font '../../../Engine/Content/Editor/Slate/Fonts/NanumGothic.ttf' (4243K)
[2022.06.17-04.04.34:228][  0]LogSlate: Took 0.000121 seconds to synchronously load lazily loaded font '../../../Engine/Content/Editor/Slate/Fonts/FontAwesome.ttf' (139K)
[2022.06.17-04.04.34:230][  0]LogSlate: Took 0.001270 seconds to synchronously load lazily loaded font '../../../Engine/Content/Editor/Slate/Fonts/NanumGothicBold.ttf' (4188K)
[2022.06.17-04.04.34:230][  0]LogSlate: Took 0.000104 seconds to synchronously load lazily loaded font '../../../Engine/Content/Slate/Fonts/Roboto-Bold.ttf' (160K)
[2022.06.17-04.04.34:287][  0]LogRenderer: Reallocating scene render targets to support 1056x600 Format 10 NumSamples 1 (Frame:1).
[2022.06.17-04.04.34:337][  0]LogNativeClassHierarchy: Verbose: Native class hierarchy updated for 'HierarchicalLODOutliner' in 0.0002 seconds. Added 0 classes and 0 folders.
[2022.06.17-04.04.34:337][  0]LogInput: Warning: Action Jump uses invalid key OculusGo_Left_Trigger_Click.
[2022.06.17-04.04.34:337][  0]LogInput: Warning: Action ResetVR uses invalid key OculusGo_Left_Trackpad_Click.
[2022.06.17-04.04.34:337][  0]LogInput: Warning: Use -RemoveInvalidKeys to remove instances of these keys from the action mapping.
[2022.06.17-04.04.34:337][  0]LogLoad: (Engine Initialization) Total time: 6.30 seconds
[2022.06.17-04.04.34:337][  0]LogLoad: (Engine Initialization) Total Blueprint compile time: 0.00 seconds
[2022.06.17-04.04.34:373][  0]LogAssetRegistry: Asset discovery search completed in 3.6632 seconds
[2022.06.17-04.04.34:377][  0]LogCollectionManager: Fixed up redirectors for 0 collections in 0.000003 seconds (updated 0 objects)
[2022.06.17-04.04.34:379][  0]LogContentStreaming: Texture pool size now 1000 MB
[2022.06.17-04.04.34:455][  3]LogSlate: Took 0.000119 seconds to synchronously load lazily loaded font '../../../Engine/Content/Slate/Fonts/Roboto-Light.ttf' (167K)
[2022.06.17-04.04.37:193][287]LogUObjectHash: Compacting FUObjectHashTables data took   0.55ms
[2022.06.17-04.04.37:199][287]LogSlate: Took 0.000137 seconds to synchronously load lazily loaded font '../../../Engine/Content/Slate/Fonts/Roboto-Light.ttf' (167K)
[2022.06.17-04.04.37:381][287]LogAssetEditorSubsystem: Opening Asset editor for World /Game/ThirdPersonBP/Maps/MainMap.MainMap
[2022.06.17-04.04.37:381][287]Cmd: MAP LOAD FILE="../../../../../../Users/KAIA_007/Desktop/작은프로젝트/TeddyB_Project/Content/ThirdPersonBP/Maps/MainMap.umap" TEMPLATE=0 SHOWPROGRESS=1 FEATURELEVEL=3
[2022.06.17-04.04.37:381][287]LightingResults: New page: 라이팅 빌드
[2022.06.17-04.04.37:381][287]LogNativeClassHierarchy: Verbose: Native class hierarchy updated for 'StatsViewer' in 0.0002 seconds. Added 6 classes and 0 folders.
[2022.06.17-04.04.37:381][287]LoadErrors: New page: 맵 로드 중: MainMap.umap
[2022.06.17-04.04.37:382][287]LogWorld: UWorld::CleanupWorld for Untitled, bSessionEnded=true, bCleanupResources=true
[2022.06.17-04.04.37:382][287]LogSlate: InvalidateAllWidgets triggered.  All widgets were invalidated
[2022.06.17-04.04.37:382][287]MapCheck: New page: 맵 체크
[2022.06.17-04.04.37:382][287]LightingResults: New page: 라이팅 빌드
[2022.06.17-04.04.37:388][287]LogAudio: Display: Audio Device unregistered from world 'None'.
[2022.06.17-04.04.37:390][287]LogUObjectHash: Compacting FUObjectHashTables data took   0.58ms
[2022.06.17-04.04.37:390][287]LogAudio: Display: Audio Device (ID: 1) registered with world 'MainMap'.
[2022.06.17-04.04.37:392][287]LogStreaming: Display: ULevelStreaming::RequestLevel(/Game/ThirdPersonBP/Maps/SubMap_1) is flushing async loading
[2022.06.17-04.04.37:392][287]LogStreaming: Display: FlushAsyncLoading: 1 QueuedPackages, 0 AsyncPackages
[2022.06.17-04.04.37:397][287]LogStreaming: Display: ULevelStreaming::RequestLevel(/Game/ThirdPersonBP/Maps/SubMap_2) is flushing async loading
[2022.06.17-04.04.37:401][287]LogEditorServer: Finished looking for orphan Actors (0.000 secs)
[2022.06.17-04.04.37:401][287]LogAIModule: Creating AISystem for world MainMap
[2022.06.17-04.04.37:406][287]LogUObjectHash: Compacting FUObjectHashTables data took   0.52ms
[2022.06.17-04.04.37:408][287]Cmd: MAP CHECKDEP NOCLEARLOG
[2022.06.17-04.04.37:409][287]MapCheck: 맵 체크 완료: 오류 0 회, 경고 0 회, 소요 시간 0.163ms.
[2022.06.17-04.04.37:409][287]LogFileHelpers: Loading map 'MainMap' took 0.029
[2022.06.17-04.04.39:133][474]LogUObjectHash: Compacting FUObjectHashTables data took   0.20ms
[2022.06.17-04.04.39:151][474]LogAssetEditorSubsystem: Opening Asset editor for World /Game/ThirdPersonBP/Maps/SubMap_1.SubMap_1
[2022.06.17-04.04.39:151][474]Cmd: MAP LOAD FILE="../../../../../../Users/KAIA_007/Desktop/작은프로젝트/TeddyB_Project/Content/ThirdPersonBP/Maps/SubMap_1.umap" TEMPLATE=0 SHOWPROGRESS=1 FEATURELEVEL=3
[2022.06.17-04.04.39:151][474]LightingResults: New page: 라이팅 빌드
[2022.06.17-04.04.39:151][474]LoadErrors: New page: 맵 로드 중: SubMap_1.umap
[2022.06.17-04.04.39:153][474]LogWorld: UWorld::CleanupWorld for MainMap, bSessionEnded=true, bCleanupResources=true
[2022.06.17-04.04.39:153][474]LogSlate: InvalidateAllWidgets triggered.  All widgets were invalidated
[2022.06.17-04.04.39:153][474]LogWorld: UWorld::CleanupWorld for SubMap_1, bSessionEnded=true, bCleanupResources=true
[2022.06.17-04.04.39:153][474]LogSlate: InvalidateAllWidgets triggered.  All widgets were invalidated
[2022.06.17-04.04.39:153][474]LogWorld: UWorld::CleanupWorld for SubMap_2, bSessionEnded=true, bCleanupResources=true
[2022.06.17-04.04.39:153][474]LogSlate: InvalidateAllWidgets triggered.  All widgets were invalidated
[2022.06.17-04.04.39:153][474]MapCheck: New page: 맵 체크
[2022.06.17-04.04.39:153][474]LightingResults: New page: 라이팅 빌드
[2022.06.17-04.04.39:156][474]LogAudio: Display: Audio Device unregistered from world 'None'.
[2022.06.17-04.04.39:157][474]LogUObjectHash: Compacting FUObjectHashTables data took   0.51ms
[2022.06.17-04.04.39:158][474]LogAudio: Display: Audio Device (ID: 1) registered with world 'SubMap_1'.
[2022.06.17-04.04.39:158][474]LogAIModule: Creating AISystem for world SubMap_1
[2022.06.17-04.04.39:159][474]LogEditorServer: Finished looking for orphan Actors (0.000 secs)
[2022.06.17-04.04.39:164][474]LogUObjectHash: Compacting FUObjectHashTables data took   0.45ms
[2022.06.17-04.04.39:166][474]Cmd: MAP CHECKDEP NOCLEARLOG
[2022.06.17-04.04.39:166][474]MapCheck: 맵 체크 완료: 오류 0 회, 경고 0 회, 소요 시간 0.08ms.
[2022.06.17-04.04.39:166][474]LogFileHelpers: Loading map 'SubMap_1' took 0.016
[2022.06.17-04.04.39:175][474]LogUObjectHash: Compacting FUObjectHashTables data took   0.20ms
[2022.06.17-04.04.40:417][613]LogUObjectHash: Compacting FUObjectHashTables data took   0.19ms
[2022.06.17-04.04.40:434][613]LogAssetEditorSubsystem: Opening Asset editor for World /Game/ThirdPersonBP/Maps/SubMap_2.SubMap_2
[2022.06.17-04.04.40:434][613]Cmd: MAP LOAD FILE="../../../../../../Users/KAIA_007/Desktop/작은프로젝트/TeddyB_Project/Content/ThirdPersonBP/Maps/SubMap_2.umap" TEMPLATE=0 SHOWPROGRESS=1 FEATURELEVEL=3
[2022.06.17-04.04.40:434][613]LightingResults: New page: 라이팅 빌드
[2022.06.17-04.04.40:434][613]LoadErrors: New page: 맵 로드 중: SubMap_2.umap
[2022.06.17-04.04.40:438][613]LogWorld: UWorld::CleanupWorld for SubMap_1, bSessionEnded=true, bCleanupResources=true
[2022.06.17-04.04.40:438][613]LogSlate: InvalidateAllWidgets triggered.  All widgets were invalidated
[2022.06.17-04.04.40:438][613]MapCheck: New page: 맵 체크
[2022.06.17-04.04.40:438][613]LightingResults: New page: 라이팅 빌드
[2022.06.17-04.04.40:442][613]LogAudio: Display: Audio Device unregistered from world 'None'.
[2022.06.17-04.04.40:443][613]LogUObjectHash: Compacting FUObjectHashTables data took   0.45ms
[2022.06.17-04.04.40:443][613]LogAudio: Display: Audio Device (ID: 1) registered with world 'SubMap_2'.
[2022.06.17-04.04.40:444][613]LogEditorServer: Finished looking for orphan Actors (0.000 secs)
[2022.06.17-04.04.40:444][613]LogAIModule: Creating AISystem for world SubMap_2
[2022.06.17-04.04.40:449][613]LogUObjectHash: Compacting FUObjectHashTables data took   0.40ms
[2022.06.17-04.04.40:451][613]Cmd: MAP CHECKDEP NOCLEARLOG
[2022.06.17-04.04.40:451][613]MapCheck: 맵 체크 완료: 오류 0 회, 경고 0 회, 소요 시간 0.082ms.
[2022.06.17-04.04.40:451][613]LogFileHelpers: Loading map 'SubMap_2' took 0.014
[2022.06.17-04.04.41:397][713]LogUObjectHash: Compacting FUObjectHashTables data took   0.20ms
[2022.06.17-04.04.41:419][713]LogAssetEditorSubsystem: Opening Asset editor for World /Game/ThirdPersonBP/Maps/SubMap_1.SubMap_1
[2022.06.17-04.04.41:419][713]Cmd: MAP LOAD FILE="../../../../../../Users/KAIA_007/Desktop/작은프로젝트/TeddyB_Project/Content/ThirdPersonBP/Maps/SubMap_1.umap" TEMPLATE=0 SHOWPROGRESS=1 FEATURELEVEL=3
[2022.06.17-04.04.41:419][713]LightingResults: New page: 라이팅 빌드
[2022.06.17-04.04.41:419][713]LoadErrors: New page: 맵 로드 중: SubMap_1.umap
[2022.06.17-04.04.41:419][713]LogWorld: UWorld::CleanupWorld for SubMap_2, bSessionEnded=true, bCleanupResources=true
[2022.06.17-04.04.41:420][713]LogSlate: InvalidateAllWidgets triggered.  All widgets were invalidated
[2022.06.17-04.04.41:420][713]MapCheck: New page: 맵 체크
[2022.06.17-04.04.41:420][713]LightingResults: New page: 라이팅 빌드
[2022.06.17-04.04.41:423][713]LogAudio: Display: Audio Device unregistered from world 'None'.
[2022.06.17-04.04.41:424][713]LogUObjectHash: Compacting FUObjectHashTables data took   0.42ms
[2022.06.17-04.04.41:424][713]LogAudio: Display: Audio Device (ID: 1) registered with world 'SubMap_1'.
[2022.06.17-04.04.41:425][713]LogEditorServer: Finished looking for orphan Actors (0.000 secs)
[2022.06.17-04.04.41:425][713]LogAIModule: Creating AISystem for world SubMap_1
[2022.06.17-04.04.41:430][713]LogUObjectHash: Compacting FUObjectHashTables data took   0.41ms
[2022.06.17-04.04.41:432][713]Cmd: MAP CHECKDEP NOCLEARLOG
[2022.06.17-04.04.41:432][713]MapCheck: 맵 체크 완료: 오류 0 회, 경고 0 회, 소요 시간 0.082ms.
[2022.06.17-04.04.41:432][713]LogFileHelpers: Loading map 'SubMap_1' took 0.013
